This file contains any messages produced by compilers while
running configure, to aid debugging if configure makes a mistake.

It was created by openocd configure 0.12.0-rc1, which was
generated by GNU Autoconf 2.69.  Invocation command line was

  $ ./configure --enable-axiFFJtag --enable-xlnx-axi-xvc --enable-axiBlaster -enable-maintainer-mode

## --------- ##
## Platform. ##
## --------- ##

hostname = cahill-DELL-precision
uname -m = armv7l
uname -r = 5.15.0-52-generic
uname -s = Linux
uname -v = #58~20.04.1-Ubuntu SMP Thu Oct 13 13:09:46 UTC 2022

/usr/bin/uname -p = unknown
/bin/uname -X     = unknown

/bin/arch              = unknown
/usr/bin/arch -k       = unknown
/usr/convex/getsysinfo = unknown
/usr/bin/hostinfo      = unknown
/bin/machine           = unknown
/usr/bin/oslevel       = unknown
/bin/universe          = unknown

PATH: /usr/local/sbin
PATH: /usr/local/bin
PATH: /usr/sbin
PATH: /usr/bin
PATH: /sbin
PATH: /bin
PATH: /snap/bin


## ----------- ##
## Core tests. ##
## ----------- ##

configure:2644: checking for makeinfo
configure:2674: result: no
configure:2682: WARNING: Info documentation will not be built.
configure:2704: checking for a BSD-compatible install
configure:2772: result: /usr/bin/install -c
configure:2783: checking whether build environment is sane
configure:2838: result: yes
configure:2989: checking for a thread-safe mkdir -p
configure:3028: result: /bin/mkdir -p
configure:3035: checking for gawk
configure:3065: result: no
configure:3035: checking for mawk
configure:3051: found /usr/bin/mawk
configure:3062: result: mawk
configure:3073: checking whether make sets $(MAKE)
configure:3095: result: yes
configure:3124: checking whether make supports nested variables
configure:3141: result: yes
configure:3325: checking for gcc
configure:3341: found /usr/bin/gcc
configure:3352: result: gcc
configure:3581: checking for C compiler version
configure:3590: gcc --version >&5
gcc (Debian 4.9.2-10+deb8u1) 4.9.2
Copyright (C) 2014 Free Software Foundation, Inc.
This is free software; see the source for copying conditions.  There is NO
warranty; not even for MERCHANTABILITY or FITNESS FOR A PARTICULAR PURPOSE.

configure:3601: $? = 0
configure:3590: gcc -v >&5
Using built-in specs.
COLLECT_GCC=/usr/bin/gcc
COLLECT_LTO_WRAPPER=/usr/lib/gcc/arm-linux-gnueabihf/4.9/lto-wrapper
Target: arm-linux-gnueabihf
Configured with: ../src/configure -v --with-pkgversion='Debian 4.9.2-10+deb8u1' --with-bugurl=file:///usr/share/doc/gcc-4.9/README.Bugs --enable-languages=c,c++,java,go,d,fortran,objc,obj-c++ --prefix=/usr --program-suffix=-4.9 --enable-shared --enable-linker-build-id --libexecdir=/usr/lib --without-included-gettext --enable-threads=posix --with-gxx-include-dir=/usr/include/c++/4.9 --libdir=/usr/lib --enable-nls --with-sysroot=/ --enable-clocale=gnu --enable-libstdcxx-debug --enable-libstdcxx-time=yes --enable-gnu-unique-object --disable-libitm --disable-libquadmath --enable-plugin --with-system-zlib --disable-browser-plugin --enable-java-awt=gtk --enable-gtk-cairo --with-java-home=/usr/lib/jvm/java-1.5.0-gcj-4.9-armhf/jre --enable-java-home --with-jvm-root-dir=/usr/lib/jvm/java-1.5.0-gcj-4.9-armhf --with-jvm-jar-dir=/usr/lib/jvm-exports/java-1.5.0-gcj-4.9-armhf --with-arch-directory=arm --with-ecj-jar=/usr/share/java/eclipse-ecj.jar --enable-objc-gc --enable-multiarch --disable-sjlj-exceptions --with-arch=armv7-a --with-fpu=vfpv3-d16 --with-float=hard --with-mode=thumb --enable-checking=release --build=arm-linux-gnueabihf --host=arm-linux-gnueabihf --target=arm-linux-gnueabihf
Thread model: posix
gcc version 4.9.2 (Debian 4.9.2-10+deb8u1) 
configure:3601: $? = 0
configure:3590: gcc -V >&5
gcc: error: unrecognized command line option '-V'
gcc: fatal error: no input files
compilation terminated.
configure:3601: $? = 4
configure:3590: gcc -qversion >&5
gcc: error: unrecognized command line option '-qversion'
gcc: fatal error: no input files
compilation terminated.
configure:3601: $? = 4
configure:3621: checking whether the C compiler works
configure:3643: gcc    conftest.c  >&5
configure:3647: $? = 0
configure:3695: result: yes
configure:3698: checking for C compiler default output file name
configure:3700: result: a.out
configure:3706: checking for suffix of executables
configure:3713: gcc -o conftest    conftest.c  >&5
configure:3717: $? = 0
configure:3739: result: 
configure:3761: checking whether we are cross compiling
configure:3769: gcc -o conftest    conftest.c  >&5
configure:3773: $? = 0
configure:3780: ./conftest
configure:3784: $? = 0
configure:3799: result: no
configure:3804: checking for suffix of object files
configure:3826: gcc -c   conftest.c >&5
configure:3830: $? = 0
configure:3851: result: o
configure:3855: checking whether we are using the GNU C compiler
configure:3874: gcc -c   conftest.c >&5
configure:3874: $? = 0
configure:3883: result: yes
configure:3892: checking whether gcc accepts -g
configure:3912: gcc -c -g  conftest.c >&5
configure:3912: $? = 0
configure:3953: result: yes
configure:3970: checking for gcc option to accept ISO C89
configure:4033: gcc  -c -g -O2  conftest.c >&5
configure:4033: $? = 0
configure:4046: result: none needed
configure:4071: checking whether gcc understands -c and -o together
configure:4093: gcc -c conftest.c -o conftest2.o
configure:4096: $? = 0
configure:4093: gcc -c conftest.c -o conftest2.o
configure:4096: $? = 0
configure:4108: result: yes
configure:4136: checking for style of include used by make
configure:4164: result: GNU
configure:4190: checking dependency style of gcc
configure:4301: result: gcc3
configure:4317: checking for gcc option to accept ISO C99
configure:4466: gcc  -c -g -O2  conftest.c >&5
conftest.c:61:29: error: expected ';', ',' or ')' before 'text'
 test_restrict (ccp restrict text)
                             ^
conftest.c: In function 'main':
conftest.c:115:18: error: expected '=', ',', ';', 'asm' or '__attribute__' before 'newvar'
   char *restrict newvar = "Another string";
                  ^
conftest.c:115:18: error: 'newvar' undeclared (first use in this function)
conftest.c:115:18: note: each undeclared identifier is reported only once for each function it appears in
conftest.c:125:3: error: 'for' loop initial declarations are only allowed in C99 or C11 mode
   for (int i = 0; i < ia->datasize; ++i)
   ^
conftest.c:125:3: note: use option -std=c99, -std=gnu99, -std=c11 or -std=gnu11 to compile your code
configure:4466: $? = 1
configure: failed program was:
| /* confdefs.h */
| #define PACKAGE_NAME "openocd"
| #define PACKAGE_TARNAME "openocd"
| #define PACKAGE_VERSION "0.12.0-rc1"
| #define PACKAGE_STRING "openocd 0.12.0-rc1"
| #define PACKAGE_BUGREPORT "OpenOCD Mailing List <openocd-devel@lists.sourceforge.net>"
| #define PACKAGE_URL ""
| #define PACKAGE "openocd"
| #define VERSION "0.12.0-rc1"
| /* end confdefs.h.  */
| #include <stdarg.h>
| #include <stdbool.h>
| #include <stdlib.h>
| #include <wchar.h>
| #include <stdio.h>
| 
| // Check varargs macros.  These examples are taken from C99 6.10.3.5.
| #define debug(...) fprintf (stderr, __VA_ARGS__)
| #define showlist(...) puts (#__VA_ARGS__)
| #define report(test,...) ((test) ? puts (#test) : printf (__VA_ARGS__))
| static void
| test_varargs_macros (void)
| {
|   int x = 1234;
|   int y = 5678;
|   debug ("Flag");
|   debug ("X = %d\n", x);
|   showlist (The first, second, and third items.);
|   report (x>y, "x is %d but y is %d", x, y);
| }
| 
| // Check long long types.
| #define BIG64 18446744073709551615ull
| #define BIG32 4294967295ul
| #define BIG_OK (BIG64 / BIG32 == 4294967297ull && BIG64 % BIG32 == 0)
| #if !BIG_OK
|   your preprocessor is broken;
| #endif
| #if BIG_OK
| #else
|   your preprocessor is broken;
| #endif
| static long long int bignum = -9223372036854775807LL;
| static unsigned long long int ubignum = BIG64;
| 
| struct incomplete_array
| {
|   int datasize;
|   double data[];
| };
| 
| struct named_init {
|   int number;
|   const wchar_t *name;
|   double average;
| };
| 
| typedef const char *ccp;
| 
| static inline int
| test_restrict (ccp restrict text)
| {
|   // See if C++-style comments work.
|   // Iterate through items via the restricted pointer.
|   // Also check for declarations in for loops.
|   for (unsigned int i = 0; *(text+i) != '\0'; ++i)
|     continue;
|   return 0;
| }
| 
| // Check varargs and va_copy.
| static void
| test_varargs (const char *format, ...)
| {
|   va_list args;
|   va_start (args, format);
|   va_list args_copy;
|   va_copy (args_copy, args);
| 
|   const char *str;
|   int number;
|   float fnumber;
| 
|   while (*format)
|     {
|       switch (*format++)
| 	{
| 	case 's': // string
| 	  str = va_arg (args_copy, const char *);
| 	  break;
| 	case 'd': // int
| 	  number = va_arg (args_copy, int);
| 	  break;
| 	case 'f': // float
| 	  fnumber = va_arg (args_copy, double);
| 	  break;
| 	default:
| 	  break;
| 	}
|     }
|   va_end (args_copy);
|   va_end (args);
| }
| 
| int
| main ()
| {
| 
|   // Check bool.
|   _Bool success = false;
| 
|   // Check restrict.
|   if (test_restrict ("String literal") == 0)
|     success = true;
|   char *restrict newvar = "Another string";
| 
|   // Check varargs.
|   test_varargs ("s, d' f .", "string", 65, 34.234);
|   test_varargs_macros ();
| 
|   // Check flexible array members.
|   struct incomplete_array *ia =
|     malloc (sizeof (struct incomplete_array) + (sizeof (double) * 10));
|   ia->datasize = 10;
|   for (int i = 0; i < ia->datasize; ++i)
|     ia->data[i] = i * 1.234;
| 
|   // Check named initializers.
|   struct named_init ni = {
|     .number = 34,
|     .name = L"Test wide string",
|     .average = 543.34343,
|   };
| 
|   ni.number = 58;
| 
|   int dynamic_array[ni.number];
|   dynamic_array[ni.number - 1] = 543;
| 
|   // work around unused variable warnings
|   return (!success || bignum == 0LL || ubignum == 0uLL || newvar[0] == 'x'
| 	  || dynamic_array[ni.number - 1] != 543);
| 
|   ;
|   return 0;
| }
configure:4466: gcc -std=gnu99 -c -g -O2  conftest.c >&5
configure:4466: $? = 0
configure:4486: result: -std=gnu99
configure:4538: checking for ranlib
configure:4554: found /usr/bin/ranlib
configure:4565: result: ranlib
configure:4645: checking for pkg-config
configure:4663: found /usr/bin/pkg-config
configure:4675: result: /usr/bin/pkg-config
configure:4700: checking pkg-config is at least version 0.23
configure:4703: result: yes
configure:4775: checking build system type
configure:4789: result: armv7l-unknown-linux-gnueabihf
configure:4809: checking host system type
configure:4822: result: armv7l-unknown-linux-gnueabihf
configure:4863: checking how to print strings
configure:4890: result: printf
configure:4911: checking for a sed that does not truncate output
configure:4975: result: /bin/sed
configure:4993: checking for grep that handles long lines and -e
configure:5051: result: /bin/grep
configure:5056: checking for egrep
configure:5118: result: /bin/grep -E
configure:5123: checking for fgrep
configure:5185: result: /bin/grep -F
configure:5220: checking for ld used by gcc -std=gnu99
configure:5287: result: /usr/bin/ld
configure:5294: checking if the linker (/usr/bin/ld) is GNU ld
configure:5309: result: yes
configure:5321: checking for BSD- or MS-compatible name lister (nm)
configure:5370: result: /usr/bin/nm -B
configure:5500: checking the name lister (/usr/bin/nm -B) interface
configure:5507: gcc -std=gnu99 -c -g -O2  conftest.c >&5
configure:5510: /usr/bin/nm -B "conftest.o"
configure:5513: output
00000000 B some_variable
configure:5520: result: BSD nm
configure:5523: checking whether ln -s works
configure:5527: result: yes
configure:5535: checking the maximum length of command line arguments
configure:5666: result: 1572864
configure:5683: checking whether the shell understands some XSI constructs
configure:5693: result: yes
configure:5697: checking whether the shell understands "+="
configure:5703: result: yes
configure:5738: checking how to convert armv7l-unknown-linux-gnueabihf file names to armv7l-unknown-linux-gnueabihf format
configure:5778: result: func_convert_file_noop
configure:5785: checking how to convert armv7l-unknown-linux-gnueabihf file names to toolchain format
configure:5805: result: func_convert_file_noop
configure:5812: checking for /usr/bin/ld option to reload object files
configure:5819: result: -r
configure:5893: checking for objdump
configure:5909: found /usr/bin/objdump
configure:5920: result: objdump
configure:5952: checking how to recognize dependent libraries
configure:6150: result: pass_all
configure:6235: checking for dlltool
configure:6265: result: no
configure:6295: checking how to associate runtime and link libraries
configure:6322: result: printf %s\n
configure:6383: checking for ar
configure:6399: found /usr/bin/ar
configure:6410: result: ar
configure:6447: checking for archiver @FILE support
configure:6464: gcc -std=gnu99 -c -g -O2  conftest.c >&5
configure:6464: $? = 0
configure:6467: ar cru libconftest.a @conftest.lst >&5
configure:6470: $? = 0
configure:6475: ar cru libconftest.a @conftest.lst >&5
/usr/bin/ar: conftest.o: No such file or directory
configure:6478: $? = 1
configure:6490: result: @
configure:6548: checking for strip
configure:6564: found /usr/bin/strip
configure:6575: result: strip
configure:6647: checking for ranlib
configure:6674: result: ranlib
configure:6776: checking command to parse /usr/bin/nm -B output from gcc -std=gnu99 object
configure:6896: gcc -std=gnu99 -c -g -O2  conftest.c >&5
configure:6899: $? = 0
configure:6903: /usr/bin/nm -B conftest.o \| sed -n -e 's/^.*[ ]\([ABCDGIRSTW][ABCDGIRSTW]*\)[ ][ ]*\([_A-Za-z][_A-Za-z0-9]*\)$/\1 \2 \2/p' | sed '/ __gnu_lto/d' \> conftest.nm
configure:6906: $? = 0
configure:6972: gcc -std=gnu99 -o conftest -g -O2   conftest.c conftstm.o >&5
configure:6975: $? = 0
configure:7013: result: ok
configure:7050: checking for sysroot
configure:7080: result: no
configure:7349: checking for mt
configure:7379: result: no
configure:7399: checking if : is a manifest tool
configure:7405: : '-?'
configure:7413: result: no
configure:8055: checking how to run the C preprocessor
configure:8086: gcc -std=gnu99 -E  conftest.c
configure:8086: $? = 0
configure:8100: gcc -std=gnu99 -E  conftest.c
conftest.c:11:28: fatal error: ac_nonexistent.h: No such file or directory
 #include <ac_nonexistent.h>
                            ^
compilation terminated.
configure:8100: $? = 1
configure: failed program was:
| /* confdefs.h */
| #define PACKAGE_NAME "openocd"
| #define PACKAGE_TARNAME "openocd"
| #define PACKAGE_VERSION "0.12.0-rc1"
| #define PACKAGE_STRING "openocd 0.12.0-rc1"
| #define PACKAGE_BUGREPORT "OpenOCD Mailing List <openocd-devel@lists.sourceforge.net>"
| #define PACKAGE_URL ""
| #define PACKAGE "openocd"
| #define VERSION "0.12.0-rc1"
| /* end confdefs.h.  */
| #include <ac_nonexistent.h>
configure:8125: result: gcc -std=gnu99 -E
configure:8145: gcc -std=gnu99 -E  conftest.c
configure:8145: $? = 0
configure:8159: gcc -std=gnu99 -E  conftest.c
conftest.c:11:28: fatal error: ac_nonexistent.h: No such file or directory
 #include <ac_nonexistent.h>
                            ^
compilation terminated.
configure:8159: $? = 1
configure: failed program was:
| /* confdefs.h */
| #define PACKAGE_NAME "openocd"
| #define PACKAGE_TARNAME "openocd"
| #define PACKAGE_VERSION "0.12.0-rc1"
| #define PACKAGE_STRING "openocd 0.12.0-rc1"
| #define PACKAGE_BUGREPORT "OpenOCD Mailing List <openocd-devel@lists.sourceforge.net>"
| #define PACKAGE_URL ""
| #define PACKAGE "openocd"
| #define VERSION "0.12.0-rc1"
| /* end confdefs.h.  */
| #include <ac_nonexistent.h>
configure:8188: checking for ANSI C header files
configure:8208: gcc -std=gnu99 -c -g -O2  conftest.c >&5
configure:8208: $? = 0
configure:8281: gcc -std=gnu99 -o conftest -g -O2   conftest.c  >&5
configure:8281: $? = 0
configure:8281: ./conftest
configure:8281: $? = 0
configure:8292: result: yes
configure:8305: checking for sys/types.h
configure:8305: gcc -std=gnu99 -c -g -O2  conftest.c >&5
configure:8305: $? = 0
configure:8305: result: yes
configure:8305: checking for sys/stat.h
configure:8305: gcc -std=gnu99 -c -g -O2  conftest.c >&5
configure:8305: $? = 0
configure:8305: result: yes
configure:8305: checking for stdlib.h
configure:8305: gcc -std=gnu99 -c -g -O2  conftest.c >&5
configure:8305: $? = 0
configure:8305: result: yes
configure:8305: checking for string.h
configure:8305: gcc -std=gnu99 -c -g -O2  conftest.c >&5
configure:8305: $? = 0
configure:8305: result: yes
configure:8305: checking for memory.h
configure:8305: gcc -std=gnu99 -c -g -O2  conftest.c >&5
configure:8305: $? = 0
configure:8305: result: yes
configure:8305: checking for strings.h
configure:8305: gcc -std=gnu99 -c -g -O2  conftest.c >&5
configure:8305: $? = 0
configure:8305: result: yes
configure:8305: checking for inttypes.h
configure:8305: gcc -std=gnu99 -c -g -O2  conftest.c >&5
configure:8305: $? = 0
configure:8305: result: yes
configure:8305: checking for stdint.h
configure:8305: gcc -std=gnu99 -c -g -O2  conftest.c >&5
configure:8305: $? = 0
configure:8305: result: yes
configure:8305: checking for unistd.h
configure:8305: gcc -std=gnu99 -c -g -O2  conftest.c >&5
configure:8305: $? = 0
configure:8305: result: yes
configure:8319: checking for dlfcn.h
configure:8319: gcc -std=gnu99 -c -g -O2  conftest.c >&5
configure:8319: $? = 0
configure:8319: result: yes
configure:8495: checking for objdir
configure:8510: result: .libs
configure:8777: checking if gcc -std=gnu99 supports -fno-rtti -fno-exceptions
configure:8795: gcc -std=gnu99 -c -g -O2  -fno-rtti -fno-exceptions conftest.c >&5
cc1: warning: command line option '-fno-rtti' is valid for C++/ObjC++ but not for C
configure:8799: $? = 0
configure:8812: result: no
configure:9139: checking for gcc -std=gnu99 option to produce PIC
configure:9146: result: -fPIC -DPIC
configure:9154: checking if gcc -std=gnu99 PIC flag -fPIC -DPIC works
configure:9172: gcc -std=gnu99 -c -g -O2  -fPIC -DPIC -DPIC conftest.c >&5
configure:9176: $? = 0
configure:9189: result: yes
configure:9218: checking if gcc -std=gnu99 static flag -static works
configure:9246: result: yes
configure:9261: checking if gcc -std=gnu99 supports -c -o file.o
configure:9282: gcc -std=gnu99 -c -g -O2  -o out/conftest2.o conftest.c >&5
configure:9286: $? = 0
configure:9308: result: yes
configure:9316: checking if gcc -std=gnu99 supports -c -o file.o
configure:9363: result: yes
configure:9396: checking whether the gcc -std=gnu99 linker (/usr/bin/ld) supports shared libraries
configure:10553: result: yes
configure:10793: checking dynamic linker characteristics
configure:11293: gcc -std=gnu99 -o conftest -g -O2   -Wl,-rpath -Wl,/foo conftest.c  >&5
configure:11293: $? = 0
configure:11527: result: GNU/Linux ld.so
configure:11634: checking how to hardcode library paths into programs
configure:11659: result: immediate
configure:12199: checking whether stripping libraries is possible
configure:12204: result: yes
configure:12239: checking if libtool supports shared libraries
configure:12241: result: yes
configure:12244: checking whether to build shared libraries
configure:12265: result: no
configure:12268: checking whether to build static libraries
configure:12272: result: yes
configure:12311: checking for an ANSI C-conforming const
configure:12377: gcc -std=gnu99 -c -g -O2  conftest.c >&5
configure:12377: $? = 0
configure:12384: result: yes
configure:12393: checking for unsigned long long int
configure:12441: result: yes
configure:12451: checking for long long int
configure:12501: result: yes
configure:12510: checking for library containing ioperm
configure:12541: gcc -std=gnu99 -o conftest -g -O2   conftest.c  >&5
configure:12541: $? = 0
configure:12558: result: none required
configure:12566: checking for library containing dlopen
configure:12597: gcc -std=gnu99 -o conftest -g -O2   conftest.c  >&5
/tmp/ccNP0kst.o: In function `main':
/home/openocd_axiblaster/openocd012-code-withaxi-axiJtag-xvc/conftest.c:36: undefined reference to `dlopen'
collect2: error: ld returned 1 exit status
configure:12597: $? = 1
configure: failed program was:
| /* confdefs.h */
| #define PACKAGE_NAME "openocd"
| #define PACKAGE_TARNAME "openocd"
| #define PACKAGE_VERSION "0.12.0-rc1"
| #define PACKAGE_STRING "openocd 0.12.0-rc1"
| #define PACKAGE_BUGREPORT "OpenOCD Mailing List <openocd-devel@lists.sourceforge.net>"
| #define PACKAGE_URL ""
| #define PACKAGE "openocd"
| #define VERSION "0.12.0-rc1"
| #define STDC_HEADERS 1
| #define HAVE_SYS_TYPES_H 1
| #define HAVE_SYS_STAT_H 1
| #define HAVE_STDLIB_H 1
| #define HAVE_STRING_H 1
| #define HAVE_MEMORY_H 1
| #define HAVE_STRINGS_H 1
| #define HAVE_INTTYPES_H 1
| #define HAVE_STDINT_H 1
| #define HAVE_UNISTD_H 1
| #define HAVE_DLFCN_H 1
| #define LT_OBJDIR ".libs/"
| #define HAVE_UNSIGNED_LONG_LONG_INT 1
| #define HAVE_LONG_LONG_INT 1
| /* end confdefs.h.  */
| 
| /* Override any GCC internal prototype to avoid an error.
|    Use char because int might match the return type of a GCC
|    builtin and then its argument prototype would still apply.  */
| #ifdef __cplusplus
| extern "C"
| #endif
| char dlopen ();
| int
| main ()
| {
| return dlopen ();
|   ;
|   return 0;
| }
configure:12597: gcc -std=gnu99 -o conftest -g -O2   conftest.c -ldl   >&5
configure:12597: $? = 0
configure:12614: result: -ldl
configure:12622: checking for library containing openpty
configure:12653: gcc -std=gnu99 -o conftest -g -O2   conftest.c -ldl  >&5
/tmp/ccP4XxKW.o: In function `main':
/home/openocd_axiblaster/openocd012-code-withaxi-axiJtag-xvc/conftest.c:36: undefined reference to `openpty'
collect2: error: ld returned 1 exit status
configure:12653: $? = 1
configure: failed program was:
| /* confdefs.h */
| #define PACKAGE_NAME "openocd"
| #define PACKAGE_TARNAME "openocd"
| #define PACKAGE_VERSION "0.12.0-rc1"
| #define PACKAGE_STRING "openocd 0.12.0-rc1"
| #define PACKAGE_BUGREPORT "OpenOCD Mailing List <openocd-devel@lists.sourceforge.net>"
| #define PACKAGE_URL ""
| #define PACKAGE "openocd"
| #define VERSION "0.12.0-rc1"
| #define STDC_HEADERS 1
| #define HAVE_SYS_TYPES_H 1
| #define HAVE_SYS_STAT_H 1
| #define HAVE_STDLIB_H 1
| #define HAVE_STRING_H 1
| #define HAVE_MEMORY_H 1
| #define HAVE_STRINGS_H 1
| #define HAVE_INTTYPES_H 1
| #define HAVE_STDINT_H 1
| #define HAVE_UNISTD_H 1
| #define HAVE_DLFCN_H 1
| #define LT_OBJDIR ".libs/"
| #define HAVE_UNSIGNED_LONG_LONG_INT 1
| #define HAVE_LONG_LONG_INT 1
| /* end confdefs.h.  */
| 
| /* Override any GCC internal prototype to avoid an error.
|    Use char because int might match the return type of a GCC
|    builtin and then its argument prototype would still apply.  */
| #ifdef __cplusplus
| extern "C"
| #endif
| char openpty ();
| int
| main ()
| {
| return openpty ();
|   ;
|   return 0;
| }
configure:12653: gcc -std=gnu99 -o conftest -g -O2   conftest.c -lutil  -ldl  >&5
configure:12653: $? = 0
configure:12670: result: -lutil
configure:12681: checking sys/socket.h usability
configure:12681: gcc -std=gnu99 -c -g -O2  conftest.c >&5
configure:12681: $? = 0
configure:12681: result: yes
configure:12681: checking sys/socket.h presence
configure:12681: gcc -std=gnu99 -E  conftest.c
configure:12681: $? = 0
configure:12681: result: yes
configure:12681: checking for sys/socket.h
configure:12681: result: yes
configure:12693: checking elf.h usability
configure:12693: gcc -std=gnu99 -c -g -O2  conftest.c >&5
configure:12693: $? = 0
configure:12693: result: yes
configure:12693: checking elf.h presence
configure:12693: gcc -std=gnu99 -E  conftest.c
configure:12693: $? = 0
configure:12693: result: yes
configure:12693: checking for elf.h
configure:12693: result: yes
configure:12720: checking fcntl.h usability
configure:12720: gcc -std=gnu99 -c -g -O2  conftest.c >&5
configure:12720: $? = 0
configure:12720: result: yes
configure:12720: checking fcntl.h presence
configure:12720: gcc -std=gnu99 -E  conftest.c
configure:12720: $? = 0
configure:12720: result: yes
configure:12720: checking for fcntl.h
configure:12720: result: yes
configure:12732: checking malloc.h usability
configure:12732: gcc -std=gnu99 -c -g -O2  conftest.c >&5
configure:12732: $? = 0
configure:12732: result: yes
configure:12732: checking malloc.h presence
configure:12732: gcc -std=gnu99 -E  conftest.c
configure:12732: $? = 0
configure:12732: result: yes
configure:12732: checking for malloc.h
configure:12732: result: yes
configure:12744: checking netdb.h usability
configure:12744: gcc -std=gnu99 -c -g -O2  conftest.c >&5
configure:12744: $? = 0
configure:12744: result: yes
configure:12744: checking netdb.h presence
configure:12744: gcc -std=gnu99 -E  conftest.c
configure:12744: $? = 0
configure:12744: result: yes
configure:12744: checking for netdb.h
configure:12744: result: yes
configure:12756: checking poll.h usability
configure:12756: gcc -std=gnu99 -c -g -O2  conftest.c >&5
configure:12756: $? = 0
configure:12756: result: yes
configure:12756: checking poll.h presence
configure:12756: gcc -std=gnu99 -E  conftest.c
configure:12756: $? = 0
configure:12756: result: yes
configure:12756: checking for poll.h
configure:12756: result: yes
configure:12768: checking for strings.h
configure:12768: result: yes
configure:12780: checking sys/ioctl.h usability
configure:12780: gcc -std=gnu99 -c -g -O2  conftest.c >&5
configure:12780: $? = 0
configure:12780: result: yes
configure:12780: checking sys/ioctl.h presence
configure:12780: gcc -std=gnu99 -E  conftest.c
configure:12780: $? = 0
configure:12780: result: yes
configure:12780: checking for sys/ioctl.h
configure:12780: result: yes
configure:12792: checking sys/param.h usability
configure:12792: gcc -std=gnu99 -c -g -O2  conftest.c >&5
configure:12792: $? = 0
configure:12792: result: yes
configure:12792: checking sys/param.h presence
configure:12792: gcc -std=gnu99 -E  conftest.c
configure:12792: $? = 0
configure:12792: result: yes
configure:12792: checking for sys/param.h
configure:12792: result: yes
configure:12804: checking sys/select.h usability
configure:12804: gcc -std=gnu99 -c -g -O2  conftest.c >&5
configure:12804: $? = 0
configure:12804: result: yes
configure:12804: checking sys/select.h presence
configure:12804: gcc -std=gnu99 -E  conftest.c
configure:12804: $? = 0
configure:12804: result: yes
configure:12804: checking for sys/select.h
configure:12804: result: yes
configure:12816: checking for sys/stat.h
configure:12816: result: yes
configure:12828: checking sys/sysctl.h usability
configure:12828: gcc -std=gnu99 -c -g -O2  conftest.c >&5
configure:12828: $? = 0
configure:12828: result: yes
configure:12828: checking sys/sysctl.h presence
configure:12828: gcc -std=gnu99 -E  conftest.c
configure:12828: $? = 0
configure:12828: result: yes
configure:12828: checking for sys/sysctl.h
configure:12828: result: yes
configure:12840: checking sys/time.h usability
configure:12840: gcc -std=gnu99 -c -g -O2  conftest.c >&5
configure:12840: $? = 0
configure:12840: result: yes
configure:12840: checking sys/time.h presence
configure:12840: gcc -std=gnu99 -E  conftest.c
configure:12840: $? = 0
configure:12840: result: yes
configure:12840: checking for sys/time.h
configure:12840: result: yes
configure:12852: checking for sys/types.h
configure:12852: result: yes
configure:12864: checking for unistd.h
configure:12864: result: yes
configure:12877: checking for arpa/inet.h
configure:12877: gcc -std=gnu99 -c -g -O2  conftest.c >&5
configure:12877: $? = 0
configure:12877: result: yes
configure:12877: checking for netinet/in.h
configure:12877: gcc -std=gnu99 -c -g -O2  conftest.c >&5
configure:12877: $? = 0
configure:12877: result: yes
configure:12877: checking for netinet/tcp.h
configure:12877: gcc -std=gnu99 -c -g -O2  conftest.c >&5
configure:12877: $? = 0
configure:12877: result: yes
configure:12902: checking whether to enable assertions
configure:12920: result: yes
configure:12923: checking for stdbool.h that conforms to C99
configure:12990: gcc -std=gnu99 -c -g -O2  conftest.c >&5
configure:12990: $? = 0
configure:12997: result: yes
configure:12999: checking for _Bool
configure:12999: gcc -std=gnu99 -c -g -O2  conftest.c >&5
configure:12999: $? = 0
configure:12999: gcc -std=gnu99 -c -g -O2  conftest.c >&5
conftest.c: In function 'main':
conftest.c:80:20: error: expected expression before ')' token
 if (sizeof ((_Bool)))
                    ^
configure:12999: $? = 1
configure: failed program was:
| /* confdefs.h */
| #define PACKAGE_NAME "openocd"
| #define PACKAGE_TARNAME "openocd"
| #define PACKAGE_VERSION "0.12.0-rc1"
| #define PACKAGE_STRING "openocd 0.12.0-rc1"
| #define PACKAGE_BUGREPORT "OpenOCD Mailing List <openocd-devel@lists.sourceforge.net>"
| #define PACKAGE_URL ""
| #define PACKAGE "openocd"
| #define VERSION "0.12.0-rc1"
| #define STDC_HEADERS 1
| #define HAVE_SYS_TYPES_H 1
| #define HAVE_SYS_STAT_H 1
| #define HAVE_STDLIB_H 1
| #define HAVE_STRING_H 1
| #define HAVE_MEMORY_H 1
| #define HAVE_STRINGS_H 1
| #define HAVE_INTTYPES_H 1
| #define HAVE_STDINT_H 1
| #define HAVE_UNISTD_H 1
| #define HAVE_DLFCN_H 1
| #define LT_OBJDIR ".libs/"
| #define HAVE_UNSIGNED_LONG_LONG_INT 1
| #define HAVE_LONG_LONG_INT 1
| #define HAVE_SYS_SOCKET_H 1
| #define HAVE_ELF_H 1
| #define HAVE_ELF64 1
| #define HAVE_FCNTL_H 1
| #define HAVE_MALLOC_H 1
| #define HAVE_NETDB_H 1
| #define HAVE_POLL_H 1
| #define HAVE_STRINGS_H 1
| #define HAVE_SYS_IOCTL_H 1
| #define HAVE_SYS_PARAM_H 1
| #define HAVE_SYS_SELECT_H 1
| #define HAVE_SYS_STAT_H 1
| #define HAVE_SYS_SYSCTL_H 1
| #define HAVE_SYS_TIME_H 1
| #define HAVE_SYS_TYPES_H 1
| #define HAVE_UNISTD_H 1
| #define HAVE_ARPA_INET_H 1
| #define HAVE_NETINET_IN_H 1
| #define HAVE_NETINET_TCP_H 1
| /* end confdefs.h.  */
| #include <stdio.h>
| #ifdef HAVE_SYS_TYPES_H
| # include <sys/types.h>
| #endif
| #ifdef HAVE_SYS_STAT_H
| # include <sys/stat.h>
| #endif
| #ifdef STDC_HEADERS
| # include <stdlib.h>
| # include <stddef.h>
| #else
| # ifdef HAVE_STDLIB_H
| #  include <stdlib.h>
| # endif
| #endif
| #ifdef HAVE_STRING_H
| # if !defined STDC_HEADERS && defined HAVE_MEMORY_H
| #  include <memory.h>
| # endif
| # include <string.h>
| #endif
| #ifdef HAVE_STRINGS_H
| # include <strings.h>
| #endif
| #ifdef HAVE_INTTYPES_H
| # include <inttypes.h>
| #endif
| #ifdef HAVE_STDINT_H
| # include <stdint.h>
| #endif
| #ifdef HAVE_UNISTD_H
| # include <unistd.h>
| #endif
| int
| main ()
| {
| if (sizeof ((_Bool)))
| 	    return 0;
|   ;
|   return 0;
| }
configure:12999: result: yes
configure:13017: checking whether byte ordering is bigendian
configure:13032: gcc -std=gnu99 -c -g -O2  conftest.c >&5
conftest.c:47:9: error: unknown type name 'not'
         not a universal capable compiler
         ^
conftest.c:47:15: error: expected '=', ',', ';', 'asm' or '__attribute__' before 'universal'
         not a universal capable compiler
               ^
conftest.c:47:15: error: unknown type name 'universal'
configure:13032: $? = 1
configure: failed program was:
| /* confdefs.h */
| #define PACKAGE_NAME "openocd"
| #define PACKAGE_TARNAME "openocd"
| #define PACKAGE_VERSION "0.12.0-rc1"
| #define PACKAGE_STRING "openocd 0.12.0-rc1"
| #define PACKAGE_BUGREPORT "OpenOCD Mailing List <openocd-devel@lists.sourceforge.net>"
| #define PACKAGE_URL ""
| #define PACKAGE "openocd"
| #define VERSION "0.12.0-rc1"
| #define STDC_HEADERS 1
| #define HAVE_SYS_TYPES_H 1
| #define HAVE_SYS_STAT_H 1
| #define HAVE_STDLIB_H 1
| #define HAVE_STRING_H 1
| #define HAVE_MEMORY_H 1
| #define HAVE_STRINGS_H 1
| #define HAVE_INTTYPES_H 1
| #define HAVE_STDINT_H 1
| #define HAVE_UNISTD_H 1
| #define HAVE_DLFCN_H 1
| #define LT_OBJDIR ".libs/"
| #define HAVE_UNSIGNED_LONG_LONG_INT 1
| #define HAVE_LONG_LONG_INT 1
| #define HAVE_SYS_SOCKET_H 1
| #define HAVE_ELF_H 1
| #define HAVE_ELF64 1
| #define HAVE_FCNTL_H 1
| #define HAVE_MALLOC_H 1
| #define HAVE_NETDB_H 1
| #define HAVE_POLL_H 1
| #define HAVE_STRINGS_H 1
| #define HAVE_SYS_IOCTL_H 1
| #define HAVE_SYS_PARAM_H 1
| #define HAVE_SYS_SELECT_H 1
| #define HAVE_SYS_STAT_H 1
| #define HAVE_SYS_SYSCTL_H 1
| #define HAVE_SYS_TIME_H 1
| #define HAVE_SYS_TYPES_H 1
| #define HAVE_UNISTD_H 1
| #define HAVE_ARPA_INET_H 1
| #define HAVE_NETINET_IN_H 1
| #define HAVE_NETINET_TCP_H 1
| #define HAVE__BOOL 1
| #define HAVE_STDBOOL_H 1
| /* end confdefs.h.  */
| #ifndef __APPLE_CC__
| 	       not a universal capable compiler
| 	     #endif
| 	     typedef int dummy;
| 
configure:13077: gcc -std=gnu99 -c -g -O2  conftest.c >&5
configure:13077: $? = 0
configure:13095: gcc -std=gnu99 -c -g -O2  conftest.c >&5
conftest.c: In function 'main':
conftest.c:53:4: error: unknown type name 'not'
    not big endian
    ^
conftest.c:53:12: error: expected '=', ',', ';', 'asm' or '__attribute__' before 'endian'
    not big endian
            ^
configure:13095: $? = 1
configure: failed program was:
| /* confdefs.h */
| #define PACKAGE_NAME "openocd"
| #define PACKAGE_TARNAME "openocd"
| #define PACKAGE_VERSION "0.12.0-rc1"
| #define PACKAGE_STRING "openocd 0.12.0-rc1"
| #define PACKAGE_BUGREPORT "OpenOCD Mailing List <openocd-devel@lists.sourceforge.net>"
| #define PACKAGE_URL ""
| #define PACKAGE "openocd"
| #define VERSION "0.12.0-rc1"
| #define STDC_HEADERS 1
| #define HAVE_SYS_TYPES_H 1
| #define HAVE_SYS_STAT_H 1
| #define HAVE_STDLIB_H 1
| #define HAVE_STRING_H 1
| #define HAVE_MEMORY_H 1
| #define HAVE_STRINGS_H 1
| #define HAVE_INTTYPES_H 1
| #define HAVE_STDINT_H 1
| #define HAVE_UNISTD_H 1
| #define HAVE_DLFCN_H 1
| #define LT_OBJDIR ".libs/"
| #define HAVE_UNSIGNED_LONG_LONG_INT 1
| #define HAVE_LONG_LONG_INT 1
| #define HAVE_SYS_SOCKET_H 1
| #define HAVE_ELF_H 1
| #define HAVE_ELF64 1
| #define HAVE_FCNTL_H 1
| #define HAVE_MALLOC_H 1
| #define HAVE_NETDB_H 1
| #define HAVE_POLL_H 1
| #define HAVE_STRINGS_H 1
| #define HAVE_SYS_IOCTL_H 1
| #define HAVE_SYS_PARAM_H 1
| #define HAVE_SYS_SELECT_H 1
| #define HAVE_SYS_STAT_H 1
| #define HAVE_SYS_SYSCTL_H 1
| #define HAVE_SYS_TIME_H 1
| #define HAVE_SYS_TYPES_H 1
| #define HAVE_UNISTD_H 1
| #define HAVE_ARPA_INET_H 1
| #define HAVE_NETINET_IN_H 1
| #define HAVE_NETINET_TCP_H 1
| #define HAVE__BOOL 1
| #define HAVE_STDBOOL_H 1
| /* end confdefs.h.  */
| #include <sys/types.h>
| 		#include <sys/param.h>
| 
| int
| main ()
| {
| #if BYTE_ORDER != BIG_ENDIAN
| 		 not big endian
| 		#endif
| 
|   ;
|   return 0;
| }
configure:13223: result: no
configure:13244: checking for strndup
configure:13244: gcc -std=gnu99 -o conftest -g -O2   conftest.c -lutil -ldl  >&5
conftest.c:69:6: warning: conflicting types for built-in function 'strndup'
 char strndup ();
      ^
configure:13244: $? = 0
configure:13244: result: yes
configure:13255: checking for strnlen
configure:13255: gcc -std=gnu99 -o conftest -g -O2   conftest.c -lutil -ldl  >&5
configure:13255: $? = 0
configure:13255: result: yes
configure:13266: checking for gettimeofday
configure:13266: gcc -std=gnu99 -o conftest -g -O2   conftest.c -lutil -ldl  >&5
configure:13266: $? = 0
configure:13266: result: yes
configure:13277: checking for usleep
configure:13277: gcc -std=gnu99 -o conftest -g -O2   conftest.c -lutil -ldl  >&5
configure:13277: $? = 0
configure:13277: result: yes
configure:13288: checking for realpath
configure:13288: gcc -std=gnu99 -o conftest -g -O2   conftest.c -lutil -ldl  >&5
configure:13288: $? = 0
configure:13288: result: yes
configure:13299: checking whether to build a release
configure:13310: result: yes
configure:13359: checking whether to build Doxygen as HTML
configure:13361: result: yes
configure:13372: checking whether to build Doxygen as PDF
configure:13374: result: no
configure:13426: checking whether to enable verbose USB I/O messages
configure:13428: result: no
configure:13438: checking whether to enable verbose USB communication messages
configure:13440: result: no
configure:13457: checking whether to enable malloc free space logging
configure:13459: result: no
configure:14450: checking for LIBUSB1
configure:14457: $PKG_CONFIG --exists --print-errors "libusb-1.0"
configure:14460: $? = 0
configure:14474: $PKG_CONFIG --exists --print-errors "libusb-1.0"
configure:14477: $? = 0
configure:14523: result: yes
configure:14531: libusb-1.0 header bug workaround: LIBUSB1_CFLAGS changed to "-isystem /usr/include/libusb-1.0"
configure:14534: $PKG_CONFIG --exists --print-errors "libusb-1.0 >= 1.0.16"
configure:14537: $? = 0
configure:14563: checking for CAPSTONE
configure:14570: $PKG_CONFIG --exists --print-errors "capstone"
Package capstone was not found in the pkg-config search path.
Perhaps you should add the directory containing `capstone.pc'
to the PKG_CONFIG_PATH environment variable
No package 'capstone' found
configure:14573: $? = 1
configure:14587: $PKG_CONFIG --exists --print-errors "capstone"
Package capstone was not found in the pkg-config search path.
Perhaps you should add the directory containing `capstone.pc'
to the PKG_CONFIG_PATH environment variable
No package 'capstone' found
configure:14590: $? = 1
configure:14604: result: no
No package 'capstone' found
configure:14658: checking for HIDAPI
configure:14665: $PKG_CONFIG --exists --print-errors "$hidapi_lib"
Package hidapi was not found in the pkg-config search path.
Perhaps you should add the directory containing `hidapi.pc'
to the PKG_CONFIG_PATH environment variable
No package 'hidapi' found
configure:14668: $? = 1
configure:14682: $PKG_CONFIG --exists --print-errors "$hidapi_lib"
Package hidapi was not found in the pkg-config search path.
Perhaps you should add the directory containing `hidapi.pc'
to the PKG_CONFIG_PATH environment variable
No package 'hidapi' found
configure:14685: $? = 1
configure:14699: result: no
No package 'hidapi' found
configure:14658: checking for HIDAPI
configure:14665: $PKG_CONFIG --exists --print-errors "$hidapi_lib"
Package hidapi-hidraw was not found in the pkg-config search path.
Perhaps you should add the directory containing `hidapi-hidraw.pc'
to the PKG_CONFIG_PATH environment variable
No package 'hidapi-hidraw' found
configure:14668: $? = 1
configure:14682: $PKG_CONFIG --exists --print-errors "$hidapi_lib"
Package hidapi-hidraw was not found in the pkg-config search path.
Perhaps you should add the directory containing `hidapi-hidraw.pc'
to the PKG_CONFIG_PATH environment variable
No package 'hidapi-hidraw' found
configure:14685: $? = 1
configure:14699: result: no
No package 'hidapi-hidraw' found
configure:14658: checking for HIDAPI
configure:14665: $PKG_CONFIG --exists --print-errors "$hidapi_lib"
Package hidapi-libusb was not found in the pkg-config search path.
Perhaps you should add the directory containing `hidapi-libusb.pc'
to the PKG_CONFIG_PATH environment variable
No package 'hidapi-libusb' found
configure:14668: $? = 1
configure:14682: $PKG_CONFIG --exists --print-errors "$hidapi_lib"
Package hidapi-libusb was not found in the pkg-config search path.
Perhaps you should add the directory containing `hidapi-libusb.pc'
to the PKG_CONFIG_PATH environment variable
No package 'hidapi-libusb' found
configure:14685: $? = 1
configure:14699: result: no
No package 'hidapi-libusb' found
configure:14738: checking for LIBFTDI
configure:14745: $PKG_CONFIG --exists --print-errors "libftdi1"
Package libftdi1 was not found in the pkg-config search path.
Perhaps you should add the directory containing `libftdi1.pc'
to the PKG_CONFIG_PATH environment variable
No package 'libftdi1' found
configure:14748: $? = 1
configure:14762: $PKG_CONFIG --exists --print-errors "libftdi1"
Package libftdi1 was not found in the pkg-config search path.
Perhaps you should add the directory containing `libftdi1.pc'
to the PKG_CONFIG_PATH environment variable
No package 'libftdi1' found
configure:14765: $? = 1
configure:14779: result: no
No package 'libftdi1' found
configure:14798: checking for LIBFTDI
configure:14805: $PKG_CONFIG --exists --print-errors "libftdi"
configure:14808: $? = 0
configure:14822: $PKG_CONFIG --exists --print-errors "libftdi"
configure:14825: $? = 0
configure:14863: result: yes
configure:14966: checking for LIBGPIOD
configure:14973: $PKG_CONFIG --exists --print-errors "libgpiod"
Package libgpiod was not found in the pkg-config search path.
Perhaps you should add the directory containing `libgpiod.pc'
to the PKG_CONFIG_PATH environment variable
No package 'libgpiod' found
configure:14976: $? = 1
configure:14990: $PKG_CONFIG --exists --print-errors "libgpiod"
Package libgpiod was not found in the pkg-config search path.
Perhaps you should add the directory containing `libgpiod.pc'
to the PKG_CONFIG_PATH environment variable
No package 'libgpiod' found
configure:14993: $? = 1
configure:15007: result: no
No package 'libgpiod' found
configure:15038: checking for LIBJAYLINK
configure:15045: $PKG_CONFIG --exists --print-errors "libjaylink >= 0.2"
Package libjaylink was not found in the pkg-config search path.
Perhaps you should add the directory containing `libjaylink.pc'
to the PKG_CONFIG_PATH environment variable
No package 'libjaylink' found
configure:15048: $? = 1
configure:15062: $PKG_CONFIG --exists --print-errors "libjaylink >= 0.2"
Package libjaylink was not found in the pkg-config search path.
Perhaps you should add the directory containing `libjaylink.pc'
to the PKG_CONFIG_PATH environment variable
No package 'libjaylink' found
configure:15065: $? = 1
configure:15079: result: no
No package 'libjaylink' found
configure:16444: checking for environ in unistd.h and stdlib.h
configure:16462: gcc -std=gnu99 -c -g -O2  conftest.c >&5
configure:16462: $? = 0
configure:16464: result: yes
configure:16663: checking that generated files are newer than configure
configure:16669: result: done
configure:16957: creating ./config.status

## ---------------------- ##
## Running config.status. ##
## ---------------------- ##

This file was extended by openocd config.status 0.12.0-rc1, which was
generated by GNU Autoconf 2.69.  Invocation command line was

  CONFIG_FILES    = 
  CONFIG_HEADERS  = 
  CONFIG_LINKS    = 
  CONFIG_COMMANDS = 
  $ ./config.status 

on cahill-DELL-precision

config.status:1310: creating Makefile
config.status:1310: creating config.h
config.status:1491: config.h is unchanged
config.status:1539: executing depfiles commands
config.status:1539: executing libtool commands
configure:19247: === configuring in jimtcl (/home/openocd_axiblaster/openocd012-code-withaxi-axiJtag-xvc/jimtcl)
configure:19310: running /bin/bash ./configure.gnu --disable-option-checking '--prefix=/usr/local'  '--enable-axiFFJtag' '--enable-xlnx-axi-xvc' '--enable-axiBlaster' '-enable-maintainer-mode' --cache-file=/dev/null --srcdir=.
configure:19247: === configuring in src/jtag/drivers/libjaylink (/home/openocd_axiblaster/openocd012-code-withaxi-axiJtag-xvc/src/jtag/drivers/libjaylink)
configure:19310: running /bin/bash ./configure.gnu --disable-option-checking '--prefix=/usr/local'  '--enable-axiFFJtag' '--enable-xlnx-axi-xvc' '--enable-axiBlaster' '-enable-maintainer-mode' --cache-file=/dev/null --srcdir=.

## ---------------- ##
## Cache variables. ##
## ---------------- ##

ac_cv_build=armv7l-unknown-linux-gnueabihf
ac_cv_c_bigendian=no
ac_cv_c_compiler_gnu=yes
ac_cv_c_const=yes
ac_cv_env_CAPSTONE_CFLAGS_set=
ac_cv_env_CAPSTONE_CFLAGS_value=
ac_cv_env_CAPSTONE_LIBS_set=
ac_cv_env_CAPSTONE_LIBS_value=
ac_cv_env_CC_set=
ac_cv_env_CC_value=
ac_cv_env_CFLAGS_set=
ac_cv_env_CFLAGS_value=
ac_cv_env_CPPFLAGS_set=
ac_cv_env_CPPFLAGS_value=
ac_cv_env_CPP_set=
ac_cv_env_CPP_value=
ac_cv_env_HIDAPI_CFLAGS_set=
ac_cv_env_HIDAPI_CFLAGS_value=
ac_cv_env_HIDAPI_LIBS_set=
ac_cv_env_HIDAPI_LIBS_value=
ac_cv_env_LDFLAGS_set=
ac_cv_env_LDFLAGS_value=
ac_cv_env_LIBFTDI_CFLAGS_set=
ac_cv_env_LIBFTDI_CFLAGS_value=
ac_cv_env_LIBFTDI_LIBS_set=
ac_cv_env_LIBFTDI_LIBS_value=
ac_cv_env_LIBGPIOD_CFLAGS_set=
ac_cv_env_LIBGPIOD_CFLAGS_value=
ac_cv_env_LIBGPIOD_LIBS_set=
ac_cv_env_LIBGPIOD_LIBS_value=
ac_cv_env_LIBJAYLINK_CFLAGS_set=
ac_cv_env_LIBJAYLINK_CFLAGS_value=
ac_cv_env_LIBJAYLINK_LIBS_set=
ac_cv_env_LIBJAYLINK_LIBS_value=
ac_cv_env_LIBS_set=
ac_cv_env_LIBS_value=
ac_cv_env_LIBUSB1_CFLAGS_set=
ac_cv_env_LIBUSB1_CFLAGS_value=
ac_cv_env_LIBUSB1_LIBS_set=
ac_cv_env_LIBUSB1_LIBS_value=
ac_cv_env_PKG_CONFIG_LIBDIR_set=
ac_cv_env_PKG_CONFIG_LIBDIR_value=
ac_cv_env_PKG_CONFIG_PATH_set=
ac_cv_env_PKG_CONFIG_PATH_value=
ac_cv_env_PKG_CONFIG_set=
ac_cv_env_PKG_CONFIG_value=
ac_cv_env_build_alias_set=
ac_cv_env_build_alias_value=
ac_cv_env_host_alias_set=
ac_cv_env_host_alias_value=
ac_cv_env_target_alias_set=
ac_cv_env_target_alias_value=
ac_cv_func_gettimeofday=yes
ac_cv_func_realpath=yes
ac_cv_func_strndup=yes
ac_cv_func_strnlen=yes
ac_cv_func_usleep=yes
ac_cv_header_arpa_inet_h=yes
ac_cv_header_dlfcn_h=yes
ac_cv_header_elf_h=yes
ac_cv_header_fcntl_h=yes
ac_cv_header_inttypes_h=yes
ac_cv_header_malloc_h=yes
ac_cv_header_memory_h=yes
ac_cv_header_netdb_h=yes
ac_cv_header_netinet_in_h=yes
ac_cv_header_netinet_tcp_h=yes
ac_cv_header_poll_h=yes
ac_cv_header_stdbool_h=yes
ac_cv_header_stdc=yes
ac_cv_header_stdint_h=yes
ac_cv_header_stdlib_h=yes
ac_cv_header_string_h=yes
ac_cv_header_strings_h=yes
ac_cv_header_sys_ioctl_h=yes
ac_cv_header_sys_param_h=yes
ac_cv_header_sys_select_h=yes
ac_cv_header_sys_socket_h=yes
ac_cv_header_sys_stat_h=yes
ac_cv_header_sys_sysctl_h=yes
ac_cv_header_sys_time_h=yes
ac_cv_header_sys_types_h=yes
ac_cv_header_unistd_h=yes
ac_cv_host=armv7l-unknown-linux-gnueabihf
ac_cv_objext=o
ac_cv_path_EGREP='/bin/grep -E'
ac_cv_path_FGREP='/bin/grep -F'
ac_cv_path_GREP=/bin/grep
ac_cv_path_SED=/bin/sed
ac_cv_path_ac_pt_PKG_CONFIG=/usr/bin/pkg-config
ac_cv_path_install='/usr/bin/install -c'
ac_cv_path_mkdir=/bin/mkdir
ac_cv_prog_AWK=mawk
ac_cv_prog_CPP='gcc -std=gnu99 -E'
ac_cv_prog_ac_ct_AR=ar
ac_cv_prog_ac_ct_CC=gcc
ac_cv_prog_ac_ct_OBJDUMP=objdump
ac_cv_prog_ac_ct_RANLIB=ranlib
ac_cv_prog_ac_ct_STRIP=strip
ac_cv_prog_cc_c89=
ac_cv_prog_cc_c99=-std=gnu99
ac_cv_prog_cc_g=yes
ac_cv_prog_make_make_set=yes
ac_cv_search_dlopen=-ldl
ac_cv_search_ioperm='none required'
ac_cv_search_openpty=-lutil
ac_cv_type__Bool=yes
ac_cv_type_long_long_int=yes
ac_cv_type_unsigned_long_long_int=yes
am_cv_CC_dependencies_compiler_type=gcc3
am_cv_make_support_nested_variables=yes
am_cv_prog_cc_c_o=yes
lt_cv_ar_at_file=@
lt_cv_deplibs_check_method=pass_all
lt_cv_file_magic_cmd='$MAGIC_CMD'
lt_cv_file_magic_test_file=
lt_cv_ld_reload_flag=-r
lt_cv_nm_interface='BSD nm'
lt_cv_objdir=.libs
lt_cv_path_LD=/usr/bin/ld
lt_cv_path_NM='/usr/bin/nm -B'
lt_cv_path_mainfest_tool=no
lt_cv_prog_compiler_c_o=yes
lt_cv_prog_compiler_pic='-fPIC -DPIC'
lt_cv_prog_compiler_pic_works=yes
lt_cv_prog_compiler_rtti_exceptions=no
lt_cv_prog_compiler_static_works=yes
lt_cv_prog_gnu_ld=yes
lt_cv_sharedlib_from_linklib_cmd='printf %s\n'
lt_cv_shlibpath_overrides_runpath=no
lt_cv_sys_global_symbol_pipe='sed -n -e '\''s/^.*[	 ]\([ABCDGIRSTW][ABCDGIRSTW]*\)[	 ][	 ]*\([_A-Za-z][_A-Za-z0-9]*\)$/\1 \2 \2/p'\'' | sed '\''/ __gnu_lto/d'\'''
lt_cv_sys_global_symbol_to_c_name_address='sed -n -e '\''s/^: \([^ ]*\)[ ]*$/  {\"\1\", (void *) 0},/p'\'' -e '\''s/^[ABCDGIRSTW]* \([^ ]*\) \([^ ]*\)$/  {"\2", (void *) \&\2},/p'\'''
lt_cv_sys_global_symbol_to_c_name_address_lib_prefix='sed -n -e '\''s/^: \([^ ]*\)[ ]*$/  {\"\1\", (void *) 0},/p'\'' -e '\''s/^[ABCDGIRSTW]* \([^ ]*\) \(lib[^ ]*\)$/  {"\2", (void *) \&\2},/p'\'' -e '\''s/^[ABCDGIRSTW]* \([^ ]*\) \([^ ]*\)$/  {"lib\2", (void *) \&\2},/p'\'''
lt_cv_sys_global_symbol_to_cdecl='sed -n -e '\''s/^T .* \(.*\)$/extern int \1();/p'\'' -e '\''s/^[ABCDGIRSTW]* .* \(.*\)$/extern char \1;/p'\'''
lt_cv_sys_max_cmd_len=1572864
lt_cv_to_host_file_cmd=func_convert_file_noop
lt_cv_to_tool_file_cmd=func_convert_file_noop
pkg_cv_LIBFTDI_CFLAGS=
pkg_cv_LIBFTDI_LIBS='-lftdi '
pkg_cv_LIBUSB1_CFLAGS='-I/usr/include/libusb-1.0 '
pkg_cv_LIBUSB1_LIBS='-lusb-1.0 '

## ----------------- ##
## Output variables. ##
## ----------------- ##

ACLOCAL='${SHELL} /home/openocd_axiblaster/openocd012-code-withaxi-axiJtag-xvc/build-aux/missing aclocal-1.14'
AICE_FALSE=''
AICE_TRUE='#'
AM335XGPIO_FALSE=''
AM335XGPIO_TRUE='#'
AMDEPBACKSLASH='\'
AMDEP_FALSE='#'
AMDEP_TRUE=''
AMTAR='$${TAR-tar}'
AMTJTAGACCEL_FALSE=''
AMTJTAGACCEL_TRUE='#'
AM_BACKSLASH='\'
AM_DEFAULT_V='$(AM_DEFAULT_VERBOSITY)'
AM_DEFAULT_VERBOSITY='1'
AM_V='$(V)'
AR='ar'
ARMJTAGEW_FALSE='#'
ARMJTAGEW_TRUE=''
AT91RM9200_FALSE=''
AT91RM9200_TRUE='#'
AUTOCONF='${SHELL} /home/openocd_axiblaster/openocd012-code-withaxi-axiJtag-xvc/build-aux/missing autoconf'
AUTOHEADER='${SHELL} /home/openocd_axiblaster/openocd012-code-withaxi-axiJtag-xvc/build-aux/missing autoheader'
AUTOMAKE='${SHELL} /home/openocd_axiblaster/openocd012-code-withaxi-axiJtag-xvc/build-aux/missing automake-1.14'
AWK='mawk'
AXIBLASTER_FALSE='#'
AXIBLASTER_TRUE=''
AXIFFJTAG_FALSE='#'
AXIFFJTAG_TRUE=''
BCM2835GPIO_FALSE=''
BCM2835GPIO_TRUE='#'
BITBANG_FALSE='#'
BITBANG_TRUE=''
BITQ_FALSE='#'
BITQ_TRUE=''
BUSPIRATE_FALSE='#'
BUSPIRATE_TRUE=''
CAPSTONE_CFLAGS=''
CAPSTONE_LIBS=''
CC='gcc -std=gnu99'
CCDEPMODE='depmode=gcc3'
CFLAGS='-g -O2'
CMSIS_DAP_HID_FALSE=''
CMSIS_DAP_HID_TRUE='#'
CMSIS_DAP_USB_FALSE='#'
CMSIS_DAP_USB_TRUE=''
CPP='gcc -std=gnu99 -E'
CPPFLAGS=''
CYGPATH_W='echo'
DEFS='-DHAVE_CONFIG_H'
DEPDIR='.deps'
DLLTOOL='false'
DSYMUTIL=''
DUMMY_FALSE=''
DUMMY_TRUE='#'
DUMPBIN=''
ECHO_C=''
ECHO_N='-n'
ECHO_T=''
EGREP='/bin/grep -E'
EP93XX_FALSE=''
EP93XX_TRUE='#'
ESP_USB_JTAG_FALSE='#'
ESP_USB_JTAG_TRUE=''
EXEEXT=''
EXTRA_DIST_NEWS='./NEWS-0.10.0 ./NEWS-0.11.0 ./NEWS-0.2.0 ./NEWS-0.3.0 ./NEWS-0.4.0 ./NEWS-0.5.0 ./NEWS-0.6.0 ./NEWS-0.7.0 ./NEWS-0.8.0 ./NEWS-0.9.0'
FGREP='/bin/grep -F'
FT232R_FALSE='#'
FT232R_TRUE=''
FTDI_FALSE='#'
FTDI_TRUE=''
GCC_WARNINGS='-Wall -Wstrict-prototypes -Wformat-security -Wshadow -Wextra -Wno-unused-parameter -Wbad-function-cast -Wcast-align -Wredundant-decls -Wpointer-arith -Wundef -Werror'
GIVEIO_FALSE=''
GIVEIO_TRUE='#'
GREP='/bin/grep'
GW16012_FALSE=''
GW16012_TRUE='#'
HAVE_CAPSTONE_FALSE=''
HAVE_CAPSTONE_TRUE='#'
HIDAPI_CFLAGS=''
HIDAPI_LIBS=''
HLADAPTER_FALSE='#'
HLADAPTER_ICDI_FALSE='#'
HLADAPTER_ICDI_TRUE=''
HLADAPTER_NULINK_FALSE=''
HLADAPTER_NULINK_TRUE='#'
HLADAPTER_STLINK_FALSE='#'
HLADAPTER_STLINK_TRUE=''
HLADAPTER_TRUE=''
HOST_CPPFLAGS=''
IMX_GPIO_FALSE=''
IMX_GPIO_TRUE='#'
INSTALL_DATA='${INSTALL} -m 644'
INSTALL_PROGRAM='${INSTALL}'
INSTALL_SCRIPT='${INSTALL}'
INSTALL_STRIP_PROGRAM='$(install_sh) -c -s'
INTERNAL_JIMTCL_FALSE='#'
INTERNAL_JIMTCL_TRUE=''
INTERNAL_LIBJAYLINK_FALSE='#'
INTERNAL_LIBJAYLINK_TRUE=''
IS_CYGWIN_FALSE=''
IS_CYGWIN_TRUE='#'
IS_DARWIN_FALSE=''
IS_DARWIN_TRUE='#'
IS_MINGW_FALSE=''
IS_MINGW_TRUE='#'
IS_WIN32_FALSE=''
IS_WIN32_TRUE='#'
JLINK_FALSE='#'
JLINK_TRUE=''
JTAG_DPI_FALSE=''
JTAG_DPI_TRUE='#'
JTAG_VPI_FALSE=''
JTAG_VPI_TRUE='#'
KITPROG_FALSE=''
KITPROG_TRUE='#'
LD='/usr/bin/ld'
LDFLAGS=''
LIBFTDI_CFLAGS=''
LIBFTDI_LIBS='-lftdi '
LIBGPIOD_CFLAGS=''
LIBGPIOD_LIBS=''
LIBJAYLINK_CFLAGS=''
LIBJAYLINK_LIBS=''
LIBOBJS=''
LIBS='-lutil -ldl '
LIBTOOL='$(SHELL) $(top_builddir)/libtool'
LIBTOOL_DEPS='build-aux/ltmain.sh'
LIBUSB1_CFLAGS='-isystem /usr/include/libusb-1.0'
LIBUSB1_LIBS='-lusb-1.0 '
LINUXGPIOD_FALSE=''
LINUXGPIOD_TRUE='#'
LIPO=''
LN_S='ln -s'
LTLIBOBJS=''
MAKEINFO='echo makeinfo missing; true'
MANIFEST_TOOL=':'
MKDIR_P='/bin/mkdir -p'
NM='/usr/bin/nm -B'
NMEDIT=''
OBJDUMP='objdump'
OBJEXT='o'
OPENDOUS_FALSE='#'
OPENDOUS_TRUE=''
OPENJTAG_FALSE='#'
OPENJTAG_TRUE=''
OSBDM_FALSE='#'
OSBDM_TRUE=''
OTOOL64=''
OTOOL=''
PACKAGE='openocd'
PACKAGE_BUGREPORT='OpenOCD Mailing List <openocd-devel@lists.sourceforge.net>'
PACKAGE_NAME='openocd'
PACKAGE_STRING='openocd 0.12.0-rc1'
PACKAGE_TARNAME='openocd'
PACKAGE_URL=''
PACKAGE_VERSION='0.12.0-rc1'
PARPORT_FALSE=''
PARPORT_TRUE='#'
PATH_SEPARATOR=':'
PKG_CONFIG='/usr/bin/pkg-config'
PKG_CONFIG_LIBDIR=''
PKG_CONFIG_PATH=''
PRESTO_FALSE='#'
PRESTO_TRUE=''
RANLIB='ranlib'
RELEASE_FALSE='#'
RELEASE_TRUE=''
REMOTE_BITBANG_FALSE=''
REMOTE_BITBANG_TRUE='#'
RLINK_FALSE='#'
RLINK_TRUE=''
RSHIM_FALSE=''
RSHIM_TRUE='#'
SED='/bin/sed'
SET_MAKE=''
SHELL='/bin/bash'
STRIP='strip'
SYSFSGPIO_FALSE=''
SYSFSGPIO_TRUE='#'
ULINK_FALSE='#'
ULINK_TRUE=''
USBPROG_FALSE='#'
USBPROG_TRUE=''
USB_BLASTER_2_FALSE='#'
USB_BLASTER_2_TRUE=''
USB_BLASTER_DRIVER_FALSE='#'
USB_BLASTER_DRIVER_TRUE=''
USB_BLASTER_FALSE='#'
USB_BLASTER_TRUE=''
USE_HIDAPI_FALSE=''
USE_HIDAPI_TRUE='#'
USE_LIBFTDI_FALSE='#'
USE_LIBFTDI_TRUE=''
USE_LIBGPIOD_FALSE=''
USE_LIBGPIOD_TRUE='#'
USE_LIBJAYLINK_FALSE=''
USE_LIBJAYLINK_TRUE='#'
USE_LIBUSB1_FALSE='#'
USE_LIBUSB1_TRUE=''
VDEBUG_FALSE=''
VDEBUG_TRUE='#'
VERSION='0.12.0-rc1'
VSLLINK_FALSE='#'
VSLLINK_TRUE=''
XDS110_FALSE='#'
XDS110_TRUE=''
XLNX_AXI_XVC_FALSE='#'
XLNX_AXI_XVC_TRUE=''
XLNX_PCIE_XVC_FALSE=''
XLNX_PCIE_XVC_TRUE='#'
ac_ct_AR='ar'
ac_ct_CC='gcc'
ac_ct_DUMPBIN=''
am__EXEEXT_FALSE=''
am__EXEEXT_TRUE='#'
am__fastdepCC_FALSE='#'
am__fastdepCC_TRUE=''
am__include='include'
am__isrc=''
am__leading_dot='.'
am__nodep='_no'
am__quote=''
am__tar='$${TAR-tar} chof - "$$tardir"'
am__untar='$${TAR-tar} xf -'
bindir='${exec_prefix}/bin'
build='armv7l-unknown-linux-gnueabihf'
build_alias=''
build_cpu='armv7l'
build_os='linux-gnueabihf'
build_vendor='unknown'
datadir='${datarootdir}'
datarootdir='${prefix}/share'
docdir='${datarootdir}/doc/${PACKAGE_TARNAME}'
doxygen_as_html='yes'
doxygen_as_pdf='no'
dvidir='${docdir}'
exec_prefix='${prefix}'
host='armv7l-unknown-linux-gnueabihf'
host_alias=''
host_cpu='armv7l'
host_os='linux-gnueabihf'
host_vendor='unknown'
htmldir='${docdir}'
includedir='${prefix}/include'
infodir='${datarootdir}/info'
install_sh='${SHELL} /home/openocd_axiblaster/openocd012-code-withaxi-axiJtag-xvc/build-aux/install-sh'
libdir='${exec_prefix}/lib'
libexecdir='${exec_prefix}/libexec'
localedir='${datarootdir}/locale'
localstatedir='${prefix}/var'
mandir='${datarootdir}/man'
mkdir_p='$(MKDIR_P)'
oldincludedir='/usr/include'
pdfdir='${docdir}'
prefix='/usr/local'
program_transform_name='s,x,x,'
psdir='${docdir}'
sbindir='${exec_prefix}/sbin'
sharedstatedir='${prefix}/com'
subdirs=' jimtcl src/jtag/drivers/libjaylink'
sysconfdir='${prefix}/etc'
target_alias=''

## ----------- ##
## confdefs.h. ##
## ----------- ##

/* confdefs.h */
#define PACKAGE_NAME "openocd"
#define PACKAGE_TARNAME "openocd"
#define PACKAGE_VERSION "0.12.0-rc1"
#define PACKAGE_STRING "openocd 0.12.0-rc1"
#define PACKAGE_BUGREPORT "OpenOCD Mailing List <openocd-devel@lists.sourceforge.net>"
#define PACKAGE_URL ""
#define PACKAGE "openocd"
#define VERSION "0.12.0-rc1"
#define STDC_HEADERS 1
#define HAVE_SYS_TYPES_H 1
#define HAVE_SYS_STAT_H 1
#define HAVE_STDLIB_H 1
#define HAVE_STRING_H 1
#define HAVE_MEMORY_H 1
#define HAVE_STRINGS_H 1
#define HAVE_INTTYPES_H 1
#define HAVE_STDINT_H 1
#define HAVE_UNISTD_H 1
#define HAVE_DLFCN_H 1
#define LT_OBJDIR ".libs/"
#define HAVE_UNSIGNED_LONG_LONG_INT 1
#define HAVE_LONG_LONG_INT 1
#define HAVE_SYS_SOCKET_H 1
#define HAVE_ELF_H 1
#define HAVE_ELF64 1
#define HAVE_FCNTL_H 1
#define HAVE_MALLOC_H 1
#define HAVE_NETDB_H 1
#define HAVE_POLL_H 1
#define HAVE_STRINGS_H 1
#define HAVE_SYS_IOCTL_H 1
#define HAVE_SYS_PARAM_H 1
#define HAVE_SYS_SELECT_H 1
#define HAVE_SYS_STAT_H 1
#define HAVE_SYS_SYSCTL_H 1
#define HAVE_SYS_TIME_H 1
#define HAVE_SYS_TYPES_H 1
#define HAVE_UNISTD_H 1
#define HAVE_ARPA_INET_H 1
#define HAVE_NETINET_IN_H 1
#define HAVE_NETINET_TCP_H 1
#define HAVE__BOOL 1
#define HAVE_STDBOOL_H 1
#define HAVE_STRNDUP 1
#define HAVE_STRNLEN 1
#define HAVE_GETTIMEOFDAY 1
#define HAVE_USLEEP 1
#define HAVE_REALPATH 1
#define IS_CYGWIN 0
#define IS_MINGW 0
#define IS_WIN32 0
#define IS_DARWIN 0
#define BUILD_PARPORT 0
#define BUILD_RSHIM 0
#define BUILD_DUMMY 0
#define BUILD_EP93XX 0
#define BUILD_AT91RM9200 0
#define BUILD_BCM2835GPIO 0
#define BUILD_IMX_GPIO 0
#define BUILD_AM335XGPIO 0
#define PARPORT_USE_PPDEV 1
#define PARPORT_USE_GIVEIO 0
#define BUILD_JTAG_VPI 0
#define BUILD_VDEBUG 0
#define BUILD_JTAG_DPI 0
#define BUILD_AMTJTAGACCEL 0
#define BUILD_GW16012 0
#define BUILD_BUSPIRATE 1
#define BUILD_REMOTE_BITBANG 0
#define BUILD_SYSFSGPIO 0
#define BUILD_AXIBLASTER 1
#define BUILD_XLNX_PCIE_XVC 0
#define BUILD_XLNX_AXI_XVC 1
#define BUILD_AXIFFJTAG 1
#define HAVE_LIBUSB1 1
#define HAVE_LIBUSB_GET_PORT_NUMBERS 1
#define HAVE_CAPSTONE 0
#define BUILD_FTDI 1
#define BUILD_HLADAPTER_STLINK 1
#define BUILD_HLADAPTER_ICDI 1
#define BUILD_ULINK 1
#define BUILD_USB_BLASTER_2 1
#define BUILD_FT232R 1
#define BUILD_VSLLINK 1
#define BUILD_XDS110 1
#define BUILD_CMSIS_DAP_USB 1
#define BUILD_OSBDM 1
#define BUILD_OPENDOUS 1
#define BUILD_ARMJTAGEW 1
#define BUILD_RLINK 1
#define BUILD_USBPROG 1
#define BUILD_ESP_USB_JTAG 1
#define BUILD_AICE 0
#define BUILD_CMSIS_DAP_HID 0
#define BUILD_HLADAPTER_NULINK 0
#define BUILD_KITPROG 0
#define BUILD_USB_BLASTER 1
#define BUILD_PRESTO 1
#define BUILD_OPENJTAG 1
#define BUILD_LINUXGPIOD 0
#define BUILD_JLINK 1
#define BUILD_HLADAPTER 1
#define _GNU_SOURCE 1

configure: exit 0
