This file contains any messages produced by compilers while
running configure, to aid debugging if configure makes a mistake.

It was created by libjaylink configure 0.3.1, which was
generated by GNU Autoconf 2.69.  Invocation command line was

  $ /home/openocd_axiblaster/openocd012-code-withaxi-axiJtag-xvc/src/jtag/drivers/libjaylink/configure --enable-subproject-build --disable-option-checking --prefix=/usr/local --enable-axiFFJtag --enable-xlnx-axi-xvc --enable-axiBlaster -enable-maintainer-mode --cache-file=/dev/null --srcdir=.

## --------- ##
## Platform. ##
## --------- ##

hostname = cahill-DELL-precision
uname -m = armv7l
uname -r = 5.15.0-52-generic
uname -s = Linux
uname -v = #58~20.04.1-Ubuntu SMP Thu Oct 13 13:09:46 UTC 2022

/usr/bin/uname -p = unknown
/bin/uname -X     = unknown

/bin/arch              = unknown
/usr/bin/arch -k       = unknown
/usr/convex/getsysinfo = unknown
/usr/bin/hostinfo      = unknown
/bin/machine           = unknown
/usr/bin/oslevel       = unknown
/bin/universe          = unknown

PATH: /usr/local/sbin
PATH: /usr/local/bin
PATH: /usr/sbin
PATH: /usr/bin
PATH: /sbin
PATH: /bin
PATH: /snap/bin


## ----------- ##
## Core tests. ##
## ----------- ##

configure:2190: checking build system type
configure:2204: result: armv7l-unknown-linux-gnueabihf
configure:2224: checking host system type
configure:2237: result: armv7l-unknown-linux-gnueabihf
configure:2274: checking for a BSD-compatible install
configure:2342: result: /usr/bin/install -c
configure:2353: checking whether build environment is sane
configure:2408: result: yes
configure:2559: checking for a thread-safe mkdir -p
configure:2598: result: /bin/mkdir -p
configure:2605: checking for gawk
configure:2635: result: no
configure:2605: checking for mawk
configure:2621: found /usr/bin/mawk
configure:2632: result: mawk
configure:2643: checking whether make sets $(MAKE)
configure:2665: result: yes
configure:2694: checking whether make supports nested variables
configure:2711: result: yes
configure:2891: checking for gcc
configure:2907: found /usr/bin/gcc
configure:2918: result: gcc
configure:3147: checking for C compiler version
configure:3156: gcc --version >&5
gcc (Debian 4.9.2-10+deb8u1) 4.9.2
Copyright (C) 2014 Free Software Foundation, Inc.
This is free software; see the source for copying conditions.  There is NO
warranty; not even for MERCHANTABILITY or FITNESS FOR A PARTICULAR PURPOSE.

configure:3167: $? = 0
configure:3156: gcc -v >&5
Using built-in specs.
COLLECT_GCC=/usr/bin/gcc
COLLECT_LTO_WRAPPER=/usr/lib/gcc/arm-linux-gnueabihf/4.9/lto-wrapper
Target: arm-linux-gnueabihf
Configured with: ../src/configure -v --with-pkgversion='Debian 4.9.2-10+deb8u1' --with-bugurl=file:///usr/share/doc/gcc-4.9/README.Bugs --enable-languages=c,c++,java,go,d,fortran,objc,obj-c++ --prefix=/usr --program-suffix=-4.9 --enable-shared --enable-linker-build-id --libexecdir=/usr/lib --without-included-gettext --enable-threads=posix --with-gxx-include-dir=/usr/include/c++/4.9 --libdir=/usr/lib --enable-nls --with-sysroot=/ --enable-clocale=gnu --enable-libstdcxx-debug --enable-libstdcxx-time=yes --enable-gnu-unique-object --disable-libitm --disable-libquadmath --enable-plugin --with-system-zlib --disable-browser-plugin --enable-java-awt=gtk --enable-gtk-cairo --with-java-home=/usr/lib/jvm/java-1.5.0-gcj-4.9-armhf/jre --enable-java-home --with-jvm-root-dir=/usr/lib/jvm/java-1.5.0-gcj-4.9-armhf --with-jvm-jar-dir=/usr/lib/jvm-exports/java-1.5.0-gcj-4.9-armhf --with-arch-directory=arm --with-ecj-jar=/usr/share/java/eclipse-ecj.jar --enable-objc-gc --enable-multiarch --disable-sjlj-exceptions --with-arch=armv7-a --with-fpu=vfpv3-d16 --with-float=hard --with-mode=thumb --enable-checking=release --build=arm-linux-gnueabihf --host=arm-linux-gnueabihf --target=arm-linux-gnueabihf
Thread model: posix
gcc version 4.9.2 (Debian 4.9.2-10+deb8u1) 
configure:3167: $? = 0
configure:3156: gcc -V >&5
gcc: error: unrecognized command line option '-V'
gcc: fatal error: no input files
compilation terminated.
configure:3167: $? = 4
configure:3156: gcc -qversion >&5
gcc: error: unrecognized command line option '-qversion'
gcc: fatal error: no input files
compilation terminated.
configure:3167: $? = 4
configure:3187: checking whether the C compiler works
configure:3209: gcc    conftest.c  >&5
configure:3213: $? = 0
configure:3261: result: yes
configure:3264: checking for C compiler default output file name
configure:3266: result: a.out
configure:3272: checking for suffix of executables
configure:3279: gcc -o conftest    conftest.c  >&5
configure:3283: $? = 0
configure:3305: result: 
configure:3327: checking whether we are cross compiling
configure:3335: gcc -o conftest    conftest.c  >&5
configure:3339: $? = 0
configure:3346: ./conftest
configure:3350: $? = 0
configure:3365: result: no
configure:3370: checking for suffix of object files
configure:3392: gcc -c   conftest.c >&5
configure:3396: $? = 0
configure:3417: result: o
configure:3421: checking whether we are using the GNU C compiler
configure:3440: gcc -c   conftest.c >&5
configure:3440: $? = 0
configure:3449: result: yes
configure:3458: checking whether gcc accepts -g
configure:3478: gcc -c -g  conftest.c >&5
configure:3478: $? = 0
configure:3519: result: yes
configure:3536: checking for gcc option to accept ISO C89
configure:3599: gcc  -c -g -O2  conftest.c >&5
configure:3599: $? = 0
configure:3612: result: none needed
configure:3637: checking whether gcc understands -c and -o together
configure:3659: gcc -c conftest.c -o conftest2.o
configure:3662: $? = 0
configure:3659: gcc -c conftest.c -o conftest2.o
configure:3662: $? = 0
configure:3674: result: yes
configure:3702: checking for style of include used by make
configure:3730: result: GNU
configure:3756: checking dependency style of gcc
configure:3867: result: gcc3
configure:3883: checking for gcc option to accept ISO C99
configure:4032: gcc  -c -g -O2  conftest.c >&5
conftest.c:61:29: error: expected ';', ',' or ')' before 'text'
 test_restrict (ccp restrict text)
                             ^
conftest.c: In function 'main':
conftest.c:115:18: error: expected '=', ',', ';', 'asm' or '__attribute__' before 'newvar'
   char *restrict newvar = "Another string";
                  ^
conftest.c:115:18: error: 'newvar' undeclared (first use in this function)
conftest.c:115:18: note: each undeclared identifier is reported only once for each function it appears in
conftest.c:125:3: error: 'for' loop initial declarations are only allowed in C99 or C11 mode
   for (int i = 0; i < ia->datasize; ++i)
   ^
conftest.c:125:3: note: use option -std=c99, -std=gnu99, -std=c11 or -std=gnu11 to compile your code
configure:4032: $? = 1
configure: failed program was:
| /* confdefs.h */
| #define PACKAGE_NAME "libjaylink"
| #define PACKAGE_TARNAME "libjaylink"
| #define PACKAGE_VERSION "0.3.1"
| #define PACKAGE_STRING "libjaylink 0.3.1"
| #define PACKAGE_BUGREPORT "dev@zapb.de"
| #define PACKAGE_URL "https://gitlab.zapb.de/libjaylink/libjaylink.git"
| #define PACKAGE "libjaylink"
| #define VERSION "0.3.1"
| /* end confdefs.h.  */
| #include <stdarg.h>
| #include <stdbool.h>
| #include <stdlib.h>
| #include <wchar.h>
| #include <stdio.h>
| 
| // Check varargs macros.  These examples are taken from C99 6.10.3.5.
| #define debug(...) fprintf (stderr, __VA_ARGS__)
| #define showlist(...) puts (#__VA_ARGS__)
| #define report(test,...) ((test) ? puts (#test) : printf (__VA_ARGS__))
| static void
| test_varargs_macros (void)
| {
|   int x = 1234;
|   int y = 5678;
|   debug ("Flag");
|   debug ("X = %d\n", x);
|   showlist (The first, second, and third items.);
|   report (x>y, "x is %d but y is %d", x, y);
| }
| 
| // Check long long types.
| #define BIG64 18446744073709551615ull
| #define BIG32 4294967295ul
| #define BIG_OK (BIG64 / BIG32 == 4294967297ull && BIG64 % BIG32 == 0)
| #if !BIG_OK
|   your preprocessor is broken;
| #endif
| #if BIG_OK
| #else
|   your preprocessor is broken;
| #endif
| static long long int bignum = -9223372036854775807LL;
| static unsigned long long int ubignum = BIG64;
| 
| struct incomplete_array
| {
|   int datasize;
|   double data[];
| };
| 
| struct named_init {
|   int number;
|   const wchar_t *name;
|   double average;
| };
| 
| typedef const char *ccp;
| 
| static inline int
| test_restrict (ccp restrict text)
| {
|   // See if C++-style comments work.
|   // Iterate through items via the restricted pointer.
|   // Also check for declarations in for loops.
|   for (unsigned int i = 0; *(text+i) != '\0'; ++i)
|     continue;
|   return 0;
| }
| 
| // Check varargs and va_copy.
| static void
| test_varargs (const char *format, ...)
| {
|   va_list args;
|   va_start (args, format);
|   va_list args_copy;
|   va_copy (args_copy, args);
| 
|   const char *str;
|   int number;
|   float fnumber;
| 
|   while (*format)
|     {
|       switch (*format++)
| 	{
| 	case 's': // string
| 	  str = va_arg (args_copy, const char *);
| 	  break;
| 	case 'd': // int
| 	  number = va_arg (args_copy, int);
| 	  break;
| 	case 'f': // float
| 	  fnumber = va_arg (args_copy, double);
| 	  break;
| 	default:
| 	  break;
| 	}
|     }
|   va_end (args_copy);
|   va_end (args);
| }
| 
| int
| main ()
| {
| 
|   // Check bool.
|   _Bool success = false;
| 
|   // Check restrict.
|   if (test_restrict ("String literal") == 0)
|     success = true;
|   char *restrict newvar = "Another string";
| 
|   // Check varargs.
|   test_varargs ("s, d' f .", "string", 65, 34.234);
|   test_varargs_macros ();
| 
|   // Check flexible array members.
|   struct incomplete_array *ia =
|     malloc (sizeof (struct incomplete_array) + (sizeof (double) * 10));
|   ia->datasize = 10;
|   for (int i = 0; i < ia->datasize; ++i)
|     ia->data[i] = i * 1.234;
| 
|   // Check named initializers.
|   struct named_init ni = {
|     .number = 34,
|     .name = L"Test wide string",
|     .average = 543.34343,
|   };
| 
|   ni.number = 58;
| 
|   int dynamic_array[ni.number];
|   dynamic_array[ni.number - 1] = 543;
| 
|   // work around unused variable warnings
|   return (!success || bignum == 0LL || ubignum == 0uLL || newvar[0] == 'x'
| 	  || dynamic_array[ni.number - 1] != 543);
| 
|   ;
|   return 0;
| }
configure:4032: gcc -std=gnu99 -c -g -O2  conftest.c >&5
configure:4032: $? = 0
configure:4052: result: -std=gnu99
configure:4114: checking for ar
configure:4130: found /usr/bin/ar
configure:4141: result: ar
configure:4167: checking the archiver (ar) interface
configure:4183: gcc -std=gnu99 -c -g -O2  conftest.c >&5
configure:4183: $? = 0
configure:4185: ar cru libconftest.a conftest.o >&5
configure:4188: $? = 0
configure:4216: result: ar
configure:4284: checking how to print strings
configure:4311: result: printf
configure:4332: checking for a sed that does not truncate output
configure:4396: result: /bin/sed
configure:4414: checking for grep that handles long lines and -e
configure:4472: result: /bin/grep
configure:4477: checking for egrep
configure:4539: result: /bin/grep -E
configure:4544: checking for fgrep
configure:4606: result: /bin/grep -F
configure:4641: checking for ld used by gcc -std=gnu99
configure:4708: result: /usr/bin/ld
configure:4715: checking if the linker (/usr/bin/ld) is GNU ld
configure:4730: result: yes
configure:4742: checking for BSD- or MS-compatible name lister (nm)
configure:4791: result: /usr/bin/nm -B
configure:4921: checking the name lister (/usr/bin/nm -B) interface
configure:4928: gcc -std=gnu99 -c -g -O2  conftest.c >&5
configure:4931: /usr/bin/nm -B "conftest.o"
configure:4934: output
00000000 B some_variable
configure:4941: result: BSD nm
configure:4944: checking whether ln -s works
configure:4948: result: yes
configure:4956: checking the maximum length of command line arguments
configure:5087: result: 1572864
configure:5104: checking whether the shell understands some XSI constructs
configure:5114: result: yes
configure:5118: checking whether the shell understands "+="
configure:5124: result: yes
configure:5159: checking how to convert armv7l-unknown-linux-gnueabihf file names to armv7l-unknown-linux-gnueabihf format
configure:5199: result: func_convert_file_noop
configure:5206: checking how to convert armv7l-unknown-linux-gnueabihf file names to toolchain format
configure:5226: result: func_convert_file_noop
configure:5233: checking for /usr/bin/ld option to reload object files
configure:5240: result: -r
configure:5314: checking for objdump
configure:5330: found /usr/bin/objdump
configure:5341: result: objdump
configure:5373: checking how to recognize dependent libraries
configure:5571: result: pass_all
configure:5656: checking for dlltool
configure:5686: result: no
configure:5716: checking how to associate runtime and link libraries
configure:5743: result: printf %s\n
configure:5867: checking for archiver @FILE support
configure:5884: gcc -std=gnu99 -c -g -O2  conftest.c >&5
configure:5884: $? = 0
configure:5887: ar cru libconftest.a @conftest.lst >&5
configure:5890: $? = 0
configure:5895: ar cru libconftest.a @conftest.lst >&5
/usr/bin/ar: conftest.o: No such file or directory
configure:5898: $? = 1
configure:5910: result: @
configure:5968: checking for strip
configure:5984: found /usr/bin/strip
configure:5995: result: strip
configure:6067: checking for ranlib
configure:6083: found /usr/bin/ranlib
configure:6094: result: ranlib
configure:6196: checking command to parse /usr/bin/nm -B output from gcc -std=gnu99 object
configure:6316: gcc -std=gnu99 -c -g -O2  conftest.c >&5
configure:6319: $? = 0
configure:6323: /usr/bin/nm -B conftest.o \| sed -n -e 's/^.*[ ]\([ABCDGIRSTW][ABCDGIRSTW]*\)[ ][ ]*\([_A-Za-z][_A-Za-z0-9]*\)$/\1 \2 \2/p' | sed '/ __gnu_lto/d' \> conftest.nm
configure:6326: $? = 0
configure:6392: gcc -std=gnu99 -o conftest -g -O2   conftest.c conftstm.o >&5
configure:6395: $? = 0
configure:6433: result: ok
configure:6470: checking for sysroot
configure:6500: result: no
configure:6769: checking for mt
configure:6799: result: no
configure:6819: checking if : is a manifest tool
configure:6825: : '-?'
configure:6833: result: no
configure:7475: checking how to run the C preprocessor
configure:7506: gcc -std=gnu99 -E  conftest.c
configure:7506: $? = 0
configure:7520: gcc -std=gnu99 -E  conftest.c
conftest.c:11:28: fatal error: ac_nonexistent.h: No such file or directory
 #include <ac_nonexistent.h>
                            ^
compilation terminated.
configure:7520: $? = 1
configure: failed program was:
| /* confdefs.h */
| #define PACKAGE_NAME "libjaylink"
| #define PACKAGE_TARNAME "libjaylink"
| #define PACKAGE_VERSION "0.3.1"
| #define PACKAGE_STRING "libjaylink 0.3.1"
| #define PACKAGE_BUGREPORT "dev@zapb.de"
| #define PACKAGE_URL "https://gitlab.zapb.de/libjaylink/libjaylink.git"
| #define PACKAGE "libjaylink"
| #define VERSION "0.3.1"
| /* end confdefs.h.  */
| #include <ac_nonexistent.h>
configure:7545: result: gcc -std=gnu99 -E
configure:7565: gcc -std=gnu99 -E  conftest.c
configure:7565: $? = 0
configure:7579: gcc -std=gnu99 -E  conftest.c
conftest.c:11:28: fatal error: ac_nonexistent.h: No such file or directory
 #include <ac_nonexistent.h>
                            ^
compilation terminated.
configure:7579: $? = 1
configure: failed program was:
| /* confdefs.h */
| #define PACKAGE_NAME "libjaylink"
| #define PACKAGE_TARNAME "libjaylink"
| #define PACKAGE_VERSION "0.3.1"
| #define PACKAGE_STRING "libjaylink 0.3.1"
| #define PACKAGE_BUGREPORT "dev@zapb.de"
| #define PACKAGE_URL "https://gitlab.zapb.de/libjaylink/libjaylink.git"
| #define PACKAGE "libjaylink"
| #define VERSION "0.3.1"
| /* end confdefs.h.  */
| #include <ac_nonexistent.h>
configure:7608: checking for ANSI C header files
configure:7628: gcc -std=gnu99 -c -g -O2  conftest.c >&5
configure:7628: $? = 0
configure:7701: gcc -std=gnu99 -o conftest -g -O2   conftest.c  >&5
configure:7701: $? = 0
configure:7701: ./conftest
configure:7701: $? = 0
configure:7712: result: yes
configure:7725: checking for sys/types.h
configure:7725: gcc -std=gnu99 -c -g -O2  conftest.c >&5
configure:7725: $? = 0
configure:7725: result: yes
configure:7725: checking for sys/stat.h
configure:7725: gcc -std=gnu99 -c -g -O2  conftest.c >&5
configure:7725: $? = 0
configure:7725: result: yes
configure:7725: checking for stdlib.h
configure:7725: gcc -std=gnu99 -c -g -O2  conftest.c >&5
configure:7725: $? = 0
configure:7725: result: yes
configure:7725: checking for string.h
configure:7725: gcc -std=gnu99 -c -g -O2  conftest.c >&5
configure:7725: $? = 0
configure:7725: result: yes
configure:7725: checking for memory.h
configure:7725: gcc -std=gnu99 -c -g -O2  conftest.c >&5
configure:7725: $? = 0
configure:7725: result: yes
configure:7725: checking for strings.h
configure:7725: gcc -std=gnu99 -c -g -O2  conftest.c >&5
configure:7725: $? = 0
configure:7725: result: yes
configure:7725: checking for inttypes.h
configure:7725: gcc -std=gnu99 -c -g -O2  conftest.c >&5
configure:7725: $? = 0
configure:7725: result: yes
configure:7725: checking for stdint.h
configure:7725: gcc -std=gnu99 -c -g -O2  conftest.c >&5
configure:7725: $? = 0
configure:7725: result: yes
configure:7725: checking for unistd.h
configure:7725: gcc -std=gnu99 -c -g -O2  conftest.c >&5
configure:7725: $? = 0
configure:7725: result: yes
configure:7739: checking for dlfcn.h
configure:7739: gcc -std=gnu99 -c -g -O2  conftest.c >&5
configure:7739: $? = 0
configure:7739: result: yes
configure:7945: checking for objdir
configure:7960: result: .libs
configure:8231: checking if gcc -std=gnu99 supports -fno-rtti -fno-exceptions
configure:8249: gcc -std=gnu99 -c -g -O2  -fno-rtti -fno-exceptions conftest.c >&5
cc1: warning: command line option '-fno-rtti' is valid for C++/ObjC++ but not for C
configure:8253: $? = 0
configure:8266: result: no
configure:8593: checking for gcc -std=gnu99 option to produce PIC
configure:8600: result: -fPIC -DPIC
configure:8608: checking if gcc -std=gnu99 PIC flag -fPIC -DPIC works
configure:8626: gcc -std=gnu99 -c -g -O2  -fPIC -DPIC -DPIC conftest.c >&5
configure:8630: $? = 0
configure:8643: result: yes
configure:8672: checking if gcc -std=gnu99 static flag -static works
configure:8700: result: yes
configure:8715: checking if gcc -std=gnu99 supports -c -o file.o
configure:8736: gcc -std=gnu99 -c -g -O2  -o out/conftest2.o conftest.c >&5
configure:8740: $? = 0
configure:8762: result: yes
configure:8770: checking if gcc -std=gnu99 supports -c -o file.o
configure:8817: result: yes
configure:8850: checking whether the gcc -std=gnu99 linker (/usr/bin/ld) supports shared libraries
configure:10007: result: yes
configure:10044: checking whether -lc should be explicitly linked in
configure:10052: gcc -std=gnu99 -c -g -O2  conftest.c >&5
configure:10055: $? = 0
configure:10070: gcc -std=gnu99 -shared  -fPIC -DPIC conftest.o  -v -Wl,-soname -Wl,conftest -o conftest 2\>\&1 \| /bin/grep  -lc  \>/dev/null 2\>\&1
configure:10073: $? = 0
configure:10087: result: no
configure:10247: checking dynamic linker characteristics
configure:10747: gcc -std=gnu99 -o conftest -g -O2   -Wl,-rpath -Wl,/foo conftest.c  >&5
configure:10747: $? = 0
configure:10981: result: GNU/Linux ld.so
configure:11088: checking how to hardcode library paths into programs
configure:11113: result: immediate
configure:11653: checking whether stripping libraries is possible
configure:11658: result: yes
configure:11693: checking if libtool supports shared libraries
configure:11695: result: yes
configure:11698: checking whether to build shared libraries
configure:11719: result: yes
configure:11722: checking whether to build static libraries
configure:11726: result: yes
configure:11819: checking for pkg-config
configure:11837: found /usr/bin/pkg-config
configure:11849: result: /usr/bin/pkg-config
configure:11874: checking pkg-config is at least version 0.9.0
configure:11877: result: yes
configure:11891: checking for libusb
configure:11898: $PKG_CONFIG --exists --print-errors "libusb-1.0 >= 1.0.16"
configure:11901: $? = 0
configure:11915: $PKG_CONFIG --exists --print-errors "libusb-1.0 >= 1.0.16"
configure:11918: $? = 0
configure:11956: result: yes
configure:11970: checking whether byte ordering is bigendian
configure:11985: gcc -std=gnu99 -c -g -O2  conftest.c >&5
conftest.c:24:9: error: unknown type name 'not'
         not a universal capable compiler
         ^
conftest.c:24:15: error: expected '=', ',', ';', 'asm' or '__attribute__' before 'universal'
         not a universal capable compiler
               ^
conftest.c:24:15: error: unknown type name 'universal'
configure:11985: $? = 1
configure: failed program was:
| /* confdefs.h */
| #define PACKAGE_NAME "libjaylink"
| #define PACKAGE_TARNAME "libjaylink"
| #define PACKAGE_VERSION "0.3.1"
| #define PACKAGE_STRING "libjaylink 0.3.1"
| #define PACKAGE_BUGREPORT "dev@zapb.de"
| #define PACKAGE_URL "https://gitlab.zapb.de/libjaylink/libjaylink.git"
| #define PACKAGE "libjaylink"
| #define VERSION "0.3.1"
| #define STDC_HEADERS 1
| #define HAVE_SYS_TYPES_H 1
| #define HAVE_SYS_STAT_H 1
| #define HAVE_STDLIB_H 1
| #define HAVE_STRING_H 1
| #define HAVE_MEMORY_H 1
| #define HAVE_STRINGS_H 1
| #define HAVE_INTTYPES_H 1
| #define HAVE_STDINT_H 1
| #define HAVE_UNISTD_H 1
| #define HAVE_DLFCN_H 1
| #define LT_OBJDIR ".libs/"
| /* end confdefs.h.  */
| #ifndef __APPLE_CC__
| 	       not a universal capable compiler
| 	     #endif
| 	     typedef int dummy;
| 
configure:12030: gcc -std=gnu99 -c -g -O2  conftest.c >&5
configure:12030: $? = 0
configure:12048: gcc -std=gnu99 -c -g -O2  conftest.c >&5
conftest.c: In function 'main':
conftest.c:30:4: error: unknown type name 'not'
    not big endian
    ^
conftest.c:30:12: error: expected '=', ',', ';', 'asm' or '__attribute__' before 'endian'
    not big endian
            ^
configure:12048: $? = 1
configure: failed program was:
| /* confdefs.h */
| #define PACKAGE_NAME "libjaylink"
| #define PACKAGE_TARNAME "libjaylink"
| #define PACKAGE_VERSION "0.3.1"
| #define PACKAGE_STRING "libjaylink 0.3.1"
| #define PACKAGE_BUGREPORT "dev@zapb.de"
| #define PACKAGE_URL "https://gitlab.zapb.de/libjaylink/libjaylink.git"
| #define PACKAGE "libjaylink"
| #define VERSION "0.3.1"
| #define STDC_HEADERS 1
| #define HAVE_SYS_TYPES_H 1
| #define HAVE_SYS_STAT_H 1
| #define HAVE_STDLIB_H 1
| #define HAVE_STRING_H 1
| #define HAVE_MEMORY_H 1
| #define HAVE_STRINGS_H 1
| #define HAVE_INTTYPES_H 1
| #define HAVE_STDINT_H 1
| #define HAVE_UNISTD_H 1
| #define HAVE_DLFCN_H 1
| #define LT_OBJDIR ".libs/"
| /* end confdefs.h.  */
| #include <sys/types.h>
| 		#include <sys/param.h>
| 
| int
| main ()
| {
| #if BYTE_ORDER != BIG_ENDIAN
| 		 not big endian
| 		#endif
| 
|   ;
|   return 0;
| }
configure:12176: result: no
configure:12448: checking that generated files are newer than configure
configure:12454: result: done
configure:12486: creating ./config.status

## ---------------------- ##
## Running config.status. ##
## ---------------------- ##

This file was extended by libjaylink config.status 0.3.1, which was
generated by GNU Autoconf 2.69.  Invocation command line was

  CONFIG_FILES    = 
  CONFIG_HEADERS  = 
  CONFIG_LINKS    = 
  CONFIG_COMMANDS = 
  $ ./config.status 

on cahill-DELL-precision

config.status:1108: creating Makefile
config.status:1108: creating libjaylink/Makefile
config.status:1108: creating libjaylink/version.h
config.status:1108: creating libjaylink.pc
config.status:1108: creating Doxyfile
config.status:1108: creating config.h
config.status:1289: config.h is unchanged
config.status:1337: executing depfiles commands
config.status:1337: executing libtool commands

## ---------------- ##
## Cache variables. ##
## ---------------- ##

ac_cv_build=armv7l-unknown-linux-gnueabihf
ac_cv_c_bigendian=no
ac_cv_c_compiler_gnu=yes
ac_cv_env_CC_set=
ac_cv_env_CC_value=
ac_cv_env_CFLAGS_set=
ac_cv_env_CFLAGS_value=
ac_cv_env_CPPFLAGS_set=
ac_cv_env_CPPFLAGS_value=
ac_cv_env_CPP_set=
ac_cv_env_CPP_value=
ac_cv_env_LDFLAGS_set=
ac_cv_env_LDFLAGS_value=
ac_cv_env_LIBS_set=
ac_cv_env_LIBS_value=
ac_cv_env_PKG_CONFIG_LIBDIR_set=
ac_cv_env_PKG_CONFIG_LIBDIR_value=
ac_cv_env_PKG_CONFIG_PATH_set=
ac_cv_env_PKG_CONFIG_PATH_value=
ac_cv_env_PKG_CONFIG_set=
ac_cv_env_PKG_CONFIG_value=
ac_cv_env_build_alias_set=
ac_cv_env_build_alias_value=
ac_cv_env_host_alias_set=
ac_cv_env_host_alias_value=
ac_cv_env_libusb_CFLAGS_set=
ac_cv_env_libusb_CFLAGS_value=
ac_cv_env_libusb_LIBS_set=
ac_cv_env_libusb_LIBS_value=
ac_cv_env_target_alias_set=
ac_cv_env_target_alias_value=
ac_cv_header_dlfcn_h=yes
ac_cv_header_inttypes_h=yes
ac_cv_header_memory_h=yes
ac_cv_header_stdc=yes
ac_cv_header_stdint_h=yes
ac_cv_header_stdlib_h=yes
ac_cv_header_string_h=yes
ac_cv_header_strings_h=yes
ac_cv_header_sys_stat_h=yes
ac_cv_header_sys_types_h=yes
ac_cv_header_unistd_h=yes
ac_cv_host=armv7l-unknown-linux-gnueabihf
ac_cv_objext=o
ac_cv_path_EGREP='/bin/grep -E'
ac_cv_path_FGREP='/bin/grep -F'
ac_cv_path_GREP=/bin/grep
ac_cv_path_SED=/bin/sed
ac_cv_path_ac_pt_PKG_CONFIG=/usr/bin/pkg-config
ac_cv_path_install='/usr/bin/install -c'
ac_cv_path_mkdir=/bin/mkdir
ac_cv_prog_AWK=mawk
ac_cv_prog_CPP='gcc -std=gnu99 -E'
ac_cv_prog_ac_ct_AR=ar
ac_cv_prog_ac_ct_CC=gcc
ac_cv_prog_ac_ct_OBJDUMP=objdump
ac_cv_prog_ac_ct_RANLIB=ranlib
ac_cv_prog_ac_ct_STRIP=strip
ac_cv_prog_cc_c89=
ac_cv_prog_cc_c99=-std=gnu99
ac_cv_prog_cc_g=yes
ac_cv_prog_make_make_set=yes
am_cv_CC_dependencies_compiler_type=gcc3
am_cv_ar_interface=ar
am_cv_make_support_nested_variables=yes
am_cv_prog_cc_c_o=yes
lt_cv_ar_at_file=@
lt_cv_archive_cmds_need_lc=no
lt_cv_deplibs_check_method=pass_all
lt_cv_file_magic_cmd='$MAGIC_CMD'
lt_cv_file_magic_test_file=
lt_cv_ld_reload_flag=-r
lt_cv_nm_interface='BSD nm'
lt_cv_objdir=.libs
lt_cv_path_LD=/usr/bin/ld
lt_cv_path_NM='/usr/bin/nm -B'
lt_cv_path_mainfest_tool=no
lt_cv_prog_compiler_c_o=yes
lt_cv_prog_compiler_pic='-fPIC -DPIC'
lt_cv_prog_compiler_pic_works=yes
lt_cv_prog_compiler_rtti_exceptions=no
lt_cv_prog_compiler_static_works=yes
lt_cv_prog_gnu_ld=yes
lt_cv_sharedlib_from_linklib_cmd='printf %s\n'
lt_cv_shlibpath_overrides_runpath=no
lt_cv_sys_global_symbol_pipe='sed -n -e '\''s/^.*[	 ]\([ABCDGIRSTW][ABCDGIRSTW]*\)[	 ][	 ]*\([_A-Za-z][_A-Za-z0-9]*\)$/\1 \2 \2/p'\'' | sed '\''/ __gnu_lto/d'\'''
lt_cv_sys_global_symbol_to_c_name_address='sed -n -e '\''s/^: \([^ ]*\)[ ]*$/  {\"\1\", (void *) 0},/p'\'' -e '\''s/^[ABCDGIRSTW]* \([^ ]*\) \([^ ]*\)$/  {"\2", (void *) \&\2},/p'\'''
lt_cv_sys_global_symbol_to_c_name_address_lib_prefix='sed -n -e '\''s/^: \([^ ]*\)[ ]*$/  {\"\1\", (void *) 0},/p'\'' -e '\''s/^[ABCDGIRSTW]* \([^ ]*\) \(lib[^ ]*\)$/  {"\2", (void *) \&\2},/p'\'' -e '\''s/^[ABCDGIRSTW]* \([^ ]*\) \([^ ]*\)$/  {"lib\2", (void *) \&\2},/p'\'''
lt_cv_sys_global_symbol_to_cdecl='sed -n -e '\''s/^T .* \(.*\)$/extern int \1();/p'\'' -e '\''s/^[ABCDGIRSTW]* .* \(.*\)$/extern char \1;/p'\'''
lt_cv_sys_max_cmd_len=1572864
lt_cv_to_host_file_cmd=func_convert_file_noop
lt_cv_to_tool_file_cmd=func_convert_file_noop
pkg_cv_libusb_CFLAGS='-I/usr/include/libusb-1.0 '
pkg_cv_libusb_LIBS='-lusb-1.0 '

## ----------------- ##
## Output variables. ##
## ----------------- ##

ACLOCAL='${SHELL} /home/openocd_axiblaster/openocd012-code-withaxi-axiJtag-xvc/src/jtag/drivers/libjaylink/build-aux/missing aclocal-1.14'
AMDEPBACKSLASH='\'
AMDEP_FALSE='#'
AMDEP_TRUE=''
AMTAR='$${TAR-tar}'
AM_BACKSLASH='\'
AM_DEFAULT_V='$(AM_DEFAULT_VERBOSITY)'
AM_DEFAULT_VERBOSITY='1'
AM_LIBTOOLFLAGS='--silent'
AM_V='$(V)'
AR='ar'
AUTOCONF='${SHELL} /home/openocd_axiblaster/openocd012-code-withaxi-axiJtag-xvc/src/jtag/drivers/libjaylink/build-aux/missing autoconf'
AUTOHEADER='${SHELL} /home/openocd_axiblaster/openocd012-code-withaxi-axiJtag-xvc/src/jtag/drivers/libjaylink/build-aux/missing autoheader'
AUTOMAKE='${SHELL} /home/openocd_axiblaster/openocd012-code-withaxi-axiJtag-xvc/src/jtag/drivers/libjaylink/build-aux/missing automake-1.14'
AWK='mawk'
CC='gcc -std=gnu99'
CCDEPMODE='depmode=gcc3'
CFLAGS='-g -O2'
CPP='gcc -std=gnu99 -E'
CPPFLAGS=''
CYGPATH_W='echo'
DEFS='-DHAVE_CONFIG_H'
DEPDIR='.deps'
DLLTOOL='false'
DSYMUTIL=''
DUMPBIN=''
ECHO_C=''
ECHO_N='-n'
ECHO_T=''
EGREP='/bin/grep -E'
EXEEXT=''
FGREP='/bin/grep -F'
GREP='/bin/grep'
HAVE_LIBUSB_FALSE='#'
HAVE_LIBUSB_TRUE=''
INSTALL_DATA='${INSTALL} -m 644'
INSTALL_PROGRAM='${INSTALL}'
INSTALL_SCRIPT='${INSTALL}'
INSTALL_STRIP_PROGRAM='$(install_sh) -c -s'
JAYLINK_CFLAGS='-Wall -Wextra -Werror -fvisibility=hidden'
JAYLINK_LDFLAGS=''
JAYLINK_LIBS=''
JAYLINK_PKG_LIBS='libusb-1.0'
JAYLINK_VERSION_LIBRARY='2:0:2'
JAYLINK_VERSION_LIBRARY_AGE='2'
JAYLINK_VERSION_LIBRARY_CURRENT='2'
JAYLINK_VERSION_LIBRARY_REVISION='0'
JAYLINK_VERSION_PACKAGE='0.3.1'
JAYLINK_VERSION_PACKAGE_MAJOR='0'
JAYLINK_VERSION_PACKAGE_MICRO='1'
JAYLINK_VERSION_PACKAGE_MINOR='3'
LD='/usr/bin/ld'
LDFLAGS=''
LIBOBJS=''
LIBS=''
LIBTOOL='$(SHELL) $(top_builddir)/libtool'
LIPO=''
LN_S='ln -s'
LTLIBOBJS=''
MAKEINFO='${SHELL} /home/openocd_axiblaster/openocd012-code-withaxi-axiJtag-xvc/src/jtag/drivers/libjaylink/build-aux/missing makeinfo'
MANIFEST_TOOL=':'
MKDIR_P='/bin/mkdir -p'
NM='/usr/bin/nm -B'
NMEDIT=''
OBJDUMP='objdump'
OBJEXT='o'
OTOOL64=''
OTOOL=''
PACKAGE='libjaylink'
PACKAGE_BUGREPORT='dev@zapb.de'
PACKAGE_NAME='libjaylink'
PACKAGE_STRING='libjaylink 0.3.1'
PACKAGE_TARNAME='libjaylink'
PACKAGE_URL='https://gitlab.zapb.de/libjaylink/libjaylink.git'
PACKAGE_VERSION='0.3.1'
PATH_SEPARATOR=':'
PKG_CONFIG='/usr/bin/pkg-config'
PKG_CONFIG_LIBDIR=''
PKG_CONFIG_PATH=''
RANLIB='ranlib'
SED='/bin/sed'
SET_MAKE=''
SHELL='/bin/bash'
STRIP='strip'
SUBPROJECT_BUILD_FALSE='#'
SUBPROJECT_BUILD_TRUE=''
VERSION='0.3.1'
ac_ct_AR='ar'
ac_ct_CC='gcc'
ac_ct_DUMPBIN=''
am__EXEEXT_FALSE=''
am__EXEEXT_TRUE='#'
am__fastdepCC_FALSE='#'
am__fastdepCC_TRUE=''
am__include='include'
am__isrc=''
am__leading_dot='.'
am__nodep='_no'
am__quote=''
am__tar='$${TAR-tar} chof - "$$tardir"'
am__untar='$${TAR-tar} xf -'
bindir='${exec_prefix}/bin'
build='armv7l-unknown-linux-gnueabihf'
build_alias=''
build_cpu='armv7l'
build_os='linux-gnueabihf'
build_vendor='unknown'
datadir='${datarootdir}'
datarootdir='${prefix}/share'
docdir='${datarootdir}/doc/${PACKAGE_TARNAME}'
dvidir='${docdir}'
exec_prefix='${prefix}'
host='armv7l-unknown-linux-gnueabihf'
host_alias=''
host_cpu='armv7l'
host_os='linux-gnueabihf'
host_vendor='unknown'
htmldir='${docdir}'
includedir='${prefix}/include'
infodir='${datarootdir}/info'
install_sh='${SHELL} /home/openocd_axiblaster/openocd012-code-withaxi-axiJtag-xvc/src/jtag/drivers/libjaylink/build-aux/install-sh'
libdir='${exec_prefix}/lib'
libexecdir='${exec_prefix}/libexec'
libusb_CFLAGS='-I/usr/include/libusb-1.0 '
libusb_LIBS='-lusb-1.0 '
localedir='${datarootdir}/locale'
localstatedir='${prefix}/var'
mandir='${datarootdir}/man'
mkdir_p='$(MKDIR_P)'
oldincludedir='/usr/include'
pdfdir='${docdir}'
prefix='/usr/local'
program_transform_name='s,x,x,'
psdir='${docdir}'
sbindir='${exec_prefix}/sbin'
sharedstatedir='${prefix}/com'
sysconfdir='${prefix}/etc'
target_alias=''

## ----------- ##
## confdefs.h. ##
## ----------- ##

/* confdefs.h */
#define PACKAGE_NAME "libjaylink"
#define PACKAGE_TARNAME "libjaylink"
#define PACKAGE_VERSION "0.3.1"
#define PACKAGE_STRING "libjaylink 0.3.1"
#define PACKAGE_BUGREPORT "dev@zapb.de"
#define PACKAGE_URL "https://gitlab.zapb.de/libjaylink/libjaylink.git"
#define PACKAGE "libjaylink"
#define VERSION "0.3.1"
#define STDC_HEADERS 1
#define HAVE_SYS_TYPES_H 1
#define HAVE_SYS_STAT_H 1
#define HAVE_STDLIB_H 1
#define HAVE_STRING_H 1
#define HAVE_MEMORY_H 1
#define HAVE_STRINGS_H 1
#define HAVE_INTTYPES_H 1
#define HAVE_STDINT_H 1
#define HAVE_UNISTD_H 1
#define HAVE_DLFCN_H 1
#define LT_OBJDIR ".libs/"
#define HAVE_LIBUSB 1

configure: exit 0
